This is pdfTeX, Version 3.1415926-2.4-1.40.13 (MiKTeX 2.9 64-bit) (preloaded format=pdflatex 2014.3.14)  29 MAY 2014 11:19
entering extended mode
**Klimov*&*Nazarova.tex
("K:\trunk\trunk\Klimov+Nazarova\home\Klimov & Nazarova.tex"
LaTeX2e <2011/06/27>
Babel <v3.8m> and hyphenation patterns for english, afrikaans, ancientgreek, ar
abic, armenian, assamese, basque, bengali, bokmal, bulgarian, catalan, coptic, 
croatian, czech, danish, dutch, esperanto, estonian, farsi, finnish, french, ga
lician, german, german-x-2012-05-30, greek, gujarati, hindi, hungarian, iceland
ic, indonesian, interlingua, irish, italian, kannada, kurmanji, latin, latvian,
 lithuanian, malayalam, marathi, mongolian, mongolianlmc, monogreek, ngerman, n
german-x-2012-05-30, nynorsk, oriya, panjabi, pinyin, polish, portuguese, roman
ian, russian, sanskrit, serbian, slovak, slovenian, spanish, swedish, swissgerm
an, tamil, telugu, turkish, turkmen, ukenglish, ukrainian, uppersorbian, usengl
ishmax, welsh, loaded.
("C:\Program Files\MiKTeX 2.9\tex\latex\base\article.cls"
Document Class: article 2007/10/19 v1.4h Standard LaTeX document class
("C:\Program Files\MiKTeX 2.9\tex\latex\base\size10.clo"
File: size10.clo 2007/10/19 v1.4h Standard LaTeX file (size option)
)
\c@part=\count79
\c@section=\count80
\c@subsection=\count81
\c@subsubsection=\count82
\c@paragraph=\count83
\c@subparagraph=\count84
\c@figure=\count85
\c@table=\count86
\abovecaptionskip=\skip41
\belowcaptionskip=\skip42
\bibindent=\dimen102
)
("C:\Program Files\MiKTeX 2.9\tex\latex\base\inputenc.sty"
Package: inputenc 2008/03/30 v1.1d Input encoding file
\inpenc@prehook=\toks14
\inpenc@posthook=\toks15

("C:\Program Files\MiKTeX 2.9\tex\latex\base\utf8.def"
File: utf8.def 2008/04/05 v1.1m UTF-8 support for inputenc
Now handling font encoding OML ...
... no UTF-8 mapping file for font encoding OML
Now handling font encoding T1 ...
... processing UTF-8 mapping file for font encoding T1

("C:\Program Files\MiKTeX 2.9\tex\latex\base\t1enc.dfu"
File: t1enc.dfu 2008/04/05 v1.1m UTF-8 support for inputenc
   defining Unicode char U+00A1 (decimal 161)
   defining Unicode char U+00A3 (decimal 163)
   defining Unicode char U+00AB (decimal 171)
   defining Unicode char U+00BB (decimal 187)
   defining Unicode char U+00BF (decimal 191)
   defining Unicode char U+00C0 (decimal 192)
   defining Unicode char U+00C1 (decimal 193)
   defining Unicode char U+00C2 (decimal 194)
   defining Unicode char U+00C3 (decimal 195)
   defining Unicode char U+00C4 (decimal 196)
   defining Unicode char U+00C5 (decimal 197)
   defining Unicode char U+00C6 (decimal 198)
   defining Unicode char U+00C7 (decimal 199)
   defining Unicode char U+00C8 (decimal 200)
   defining Unicode char U+00C9 (decimal 201)
   defining Unicode char U+00CA (decimal 202)
   defining Unicode char U+00CB (decimal 203)
   defining Unicode char U+00CC (decimal 204)
   defining Unicode char U+00CD (decimal 205)
   defining Unicode char U+00CE (decimal 206)
   defining Unicode char U+00CF (decimal 207)
   defining Unicode char U+00D0 (decimal 208)
   defining Unicode char U+00D1 (decimal 209)
   defining Unicode char U+00D2 (decimal 210)
   defining Unicode char U+00D3 (decimal 211)
   defining Unicode char U+00D4 (decimal 212)
   defining Unicode char U+00D5 (decimal 213)
   defining Unicode char U+00D6 (decimal 214)
   defining Unicode char U+00D8 (decimal 216)
   defining Unicode char U+00D9 (decimal 217)
   defining Unicode char U+00DA (decimal 218)
   defining Unicode char U+00DB (decimal 219)
   defining Unicode char U+00DC (decimal 220)
   defining Unicode char U+00DD (decimal 221)
   defining Unicode char U+00DE (decimal 222)
   defining Unicode char U+00DF (decimal 223)
   defining Unicode char U+00E0 (decimal 224)
   defining Unicode char U+00E1 (decimal 225)
   defining Unicode char U+00E2 (decimal 226)
   defining Unicode char U+00E3 (decimal 227)
   defining Unicode char U+00E4 (decimal 228)
   defining Unicode char U+00E5 (decimal 229)
   defining Unicode char U+00E6 (decimal 230)
   defining Unicode char U+00E7 (decimal 231)
   defining Unicode char U+00E8 (decimal 232)
   defining Unicode char U+00E9 (decimal 233)
   defining Unicode char U+00EA (decimal 234)
   defining Unicode char U+00EB (decimal 235)
   defining Unicode char U+00EC (decimal 236)
   defining Unicode char U+00ED (decimal 237)
   defining Unicode char U+00EE (decimal 238)
   defining Unicode char U+00EF (decimal 239)
   defining Unicode char U+00F0 (decimal 240)
   defining Unicode char U+00F1 (decimal 241)
   defining Unicode char U+00F2 (decimal 242)
   defining Unicode char U+00F3 (decimal 243)
   defining Unicode char U+00F4 (decimal 244)
   defining Unicode char U+00F5 (decimal 245)
   defining Unicode char U+00F6 (decimal 246)
   defining Unicode char U+00F8 (decimal 248)
   defining Unicode char U+00F9 (decimal 249)
   defining Unicode char U+00FA (decimal 250)
   defining Unicode char U+00FB (decimal 251)
   defining Unicode char U+00FC (decimal 252)
   defining Unicode char U+00FD (decimal 253)
   defining Unicode char U+00FE (decimal 254)
   defining Unicode char U+00FF (decimal 255)
   defining Unicode char U+0102 (decimal 258)
   defining Unicode char U+0103 (decimal 259)
   defining Unicode char U+0104 (decimal 260)
   defining Unicode char U+0105 (decimal 261)
   defining Unicode char U+0106 (decimal 262)
   defining Unicode char U+0107 (decimal 263)
   defining Unicode char U+010C (decimal 268)
   defining Unicode char U+010D (decimal 269)
   defining Unicode char U+010E (decimal 270)
   defining Unicode char U+010F (decimal 271)
   defining Unicode char U+0110 (decimal 272)
   defining Unicode char U+0111 (decimal 273)
   defining Unicode char U+0118 (decimal 280)
   defining Unicode char U+0119 (decimal 281)
   defining Unicode char U+011A (decimal 282)
   defining Unicode char U+011B (decimal 283)
   defining Unicode char U+011E (decimal 286)
   defining Unicode char U+011F (decimal 287)
   defining Unicode char U+0130 (decimal 304)
   defining Unicode char U+0131 (decimal 305)
   defining Unicode char U+0132 (decimal 306)
   defining Unicode char U+0133 (decimal 307)
   defining Unicode char U+0139 (decimal 313)
   defining Unicode char U+013A (decimal 314)
   defining Unicode char U+013D (decimal 317)
   defining Unicode char U+013E (decimal 318)
   defining Unicode char U+0141 (decimal 321)
   defining Unicode char U+0142 (decimal 322)
   defining Unicode char U+0143 (decimal 323)
   defining Unicode char U+0144 (decimal 324)
   defining Unicode char U+0147 (decimal 327)
   defining Unicode char U+0148 (decimal 328)
   defining Unicode char U+014A (decimal 330)
   defining Unicode char U+014B (decimal 331)
   defining Unicode char U+0150 (decimal 336)
   defining Unicode char U+0151 (decimal 337)
   defining Unicode char U+0152 (decimal 338)
   defining Unicode char U+0153 (decimal 339)
   defining Unicode char U+0154 (decimal 340)
   defining Unicode char U+0155 (decimal 341)
   defining Unicode char U+0158 (decimal 344)
   defining Unicode char U+0159 (decimal 345)
   defining Unicode char U+015A (decimal 346)
   defining Unicode char U+015B (decimal 347)
   defining Unicode char U+015E (decimal 350)
   defining Unicode char U+015F (decimal 351)
   defining Unicode char U+0160 (decimal 352)
   defining Unicode char U+0161 (decimal 353)
   defining Unicode char U+0162 (decimal 354)
   defining Unicode char U+0163 (decimal 355)
   defining Unicode char U+0164 (decimal 356)
   defining Unicode char U+0165 (decimal 357)
   defining Unicode char U+016E (decimal 366)
   defining Unicode char U+016F (decimal 367)
   defining Unicode char U+0170 (decimal 368)
   defining Unicode char U+0171 (decimal 369)
   defining Unicode char U+0178 (decimal 376)
   defining Unicode char U+0179 (decimal 377)
   defining Unicode char U+017A (decimal 378)
   defining Unicode char U+017B (decimal 379)
   defining Unicode char U+017C (decimal 380)
   defining Unicode char U+017D (decimal 381)
   defining Unicode char U+017E (decimal 382)
   defining Unicode char U+200C (decimal 8204)
   defining Unicode char U+2013 (decimal 8211)
   defining Unicode char U+2014 (decimal 8212)
   defining Unicode char U+2018 (decimal 8216)
   defining Unicode char U+2019 (decimal 8217)
   defining Unicode char U+201A (decimal 8218)
   defining Unicode char U+201C (decimal 8220)
   defining Unicode char U+201D (decimal 8221)
   defining Unicode char U+201E (decimal 8222)
   defining Unicode char U+2030 (decimal 8240)
   defining Unicode char U+2031 (decimal 8241)
   defining Unicode char U+2039 (decimal 8249)
   defining Unicode char U+203A (decimal 8250)
   defining Unicode char U+2423 (decimal 9251)
)
Now handling font encoding OT1 ...
... processing UTF-8 mapping file for font encoding OT1

("C:\Program Files\MiKTeX 2.9\tex\latex\base\ot1enc.dfu"
File: ot1enc.dfu 2008/04/05 v1.1m UTF-8 support for inputenc
   defining Unicode char U+00A1 (decimal 161)
   defining Unicode char U+00A3 (decimal 163)
   defining Unicode char U+00B8 (decimal 184)
   defining Unicode char U+00BF (decimal 191)
   defining Unicode char U+00C5 (decimal 197)
   defining Unicode char U+00C6 (decimal 198)
   defining Unicode char U+00D8 (decimal 216)
   defining Unicode char U+00DF (decimal 223)
   defining Unicode char U+00E6 (decimal 230)
   defining Unicode char U+00EC (decimal 236)
   defining Unicode char U+00ED (decimal 237)
   defining Unicode char U+00EE (decimal 238)
   defining Unicode char U+00EF (decimal 239)
   defining Unicode char U+00F8 (decimal 248)
   defining Unicode char U+0131 (decimal 305)
   defining Unicode char U+0141 (decimal 321)
   defining Unicode char U+0142 (decimal 322)
   defining Unicode char U+0152 (decimal 338)
   defining Unicode char U+0153 (decimal 339)
   defining Unicode char U+2013 (decimal 8211)
   defining Unicode char U+2014 (decimal 8212)
   defining Unicode char U+2018 (decimal 8216)
   defining Unicode char U+2019 (decimal 8217)
   defining Unicode char U+201C (decimal 8220)
   defining Unicode char U+201D (decimal 8221)
)
Now handling font encoding OMS ...
... processing UTF-8 mapping file for font encoding OMS

("C:\Program Files\MiKTeX 2.9\tex\latex\base\omsenc.dfu"
File: omsenc.dfu 2008/04/05 v1.1m UTF-8 support for inputenc
   defining Unicode char U+00A7 (decimal 167)
   defining Unicode char U+00B6 (decimal 182)
   defining Unicode char U+00B7 (decimal 183)
   defining Unicode char U+2020 (decimal 8224)
   defining Unicode char U+2021 (decimal 8225)
   defining Unicode char U+2022 (decimal 8226)
)
Now handling font encoding OMX ...
... no UTF-8 mapping file for font encoding OMX
Now handling font encoding U ...
... no UTF-8 mapping file for font encoding U
   defining Unicode char U+00A9 (decimal 169)
   defining Unicode char U+00AA (decimal 170)
   defining Unicode char U+00AE (decimal 174)
   defining Unicode char U+00BA (decimal 186)
   defining Unicode char U+02C6 (decimal 710)
   defining Unicode char U+02DC (decimal 732)
   defining Unicode char U+200C (decimal 8204)
   defining Unicode char U+2026 (decimal 8230)
   defining Unicode char U+2122 (decimal 8482)
   defining Unicode char U+2423 (decimal 9251)
))
("C:\Program Files\MiKTeX 2.9\tex\generic\babel\babel.sty"
Package: babel 2008/07/08 v3.8m The Babel package

*************************************
* Local config file bblopts.cfg used
*
("C:\Program Files\MiKTeX 2.9\tex\latex\00miktex\bblopts.cfg"
File: bblopts.cfg 2006/07/31 v1.0 MiKTeX 'babel' configuration
)
("C:\Program Files\MiKTeX 2.9\tex\generic\babel\russianb.ldf"
Language: russianb 2008/03/21 v1.1r Russian support from the babel system

("C:\Program Files\MiKTeX 2.9\tex\generic\babel\babel.def"
File: babel.def 2008/07/08 v3.8m Babel common definitions
\babel@savecnt=\count87
\U@D=\dimen103
)
("C:\Program Files\MiKTeX 2.9\tex\latex\cyrillic\t2aenc.def"
File: t2aenc.def 2005/09/27 v1.0i Cyrillic encoding definition file
Now handling font encoding T2A ...
... processing UTF-8 mapping file for font encoding T2A

("C:\Program Files\MiKTeX 2.9\tex\latex\base\t2aenc.dfu"
File: t2aenc.dfu 2008/04/05 v1.1m UTF-8 support for inputenc
   defining Unicode char U+00A4 (decimal 164)
   defining Unicode char U+00A7 (decimal 167)
   defining Unicode char U+00AB (decimal 171)
   defining Unicode char U+00BB (decimal 187)
   defining Unicode char U+0131 (decimal 305)
   defining Unicode char U+0400 (decimal 1024)
   defining Unicode char U+0401 (decimal 1025)
   defining Unicode char U+0402 (decimal 1026)
   defining Unicode char U+0403 (decimal 1027)
   defining Unicode char U+0404 (decimal 1028)
   defining Unicode char U+0405 (decimal 1029)
   defining Unicode char U+0406 (decimal 1030)
   defining Unicode char U+0407 (decimal 1031)
   defining Unicode char U+0408 (decimal 1032)
   defining Unicode char U+0409 (decimal 1033)
   defining Unicode char U+040A (decimal 1034)
   defining Unicode char U+040B (decimal 1035)
   defining Unicode char U+040C (decimal 1036)
   defining Unicode char U+040D (decimal 1037)
   defining Unicode char U+040E (decimal 1038)
   defining Unicode char U+040F (decimal 1039)
   defining Unicode char U+0410 (decimal 1040)
   defining Unicode char U+0411 (decimal 1041)
   defining Unicode char U+0412 (decimal 1042)
   defining Unicode char U+0413 (decimal 1043)
   defining Unicode char U+0414 (decimal 1044)
   defining Unicode char U+0415 (decimal 1045)
   defining Unicode char U+0416 (decimal 1046)
   defining Unicode char U+0417 (decimal 1047)
   defining Unicode char U+0418 (decimal 1048)
   defining Unicode char U+0419 (decimal 1049)
   defining Unicode char U+041A (decimal 1050)
   defining Unicode char U+041B (decimal 1051)
   defining Unicode char U+041C (decimal 1052)
   defining Unicode char U+041D (decimal 1053)
   defining Unicode char U+041E (decimal 1054)
   defining Unicode char U+041F (decimal 1055)
   defining Unicode char U+0420 (decimal 1056)
   defining Unicode char U+0421 (decimal 1057)
   defining Unicode char U+0422 (decimal 1058)
   defining Unicode char U+0423 (decimal 1059)
   defining Unicode char U+0424 (decimal 1060)
   defining Unicode char U+0425 (decimal 1061)
   defining Unicode char U+0426 (decimal 1062)
   defining Unicode char U+0427 (decimal 1063)
   defining Unicode char U+0428 (decimal 1064)
   defining Unicode char U+0429 (decimal 1065)
   defining Unicode char U+042A (decimal 1066)
   defining Unicode char U+042B (decimal 1067)
   defining Unicode char U+042C (decimal 1068)
   defining Unicode char U+042D (decimal 1069)
   defining Unicode char U+042E (decimal 1070)
   defining Unicode char U+042F (decimal 1071)
   defining Unicode char U+0430 (decimal 1072)
   defining Unicode char U+0431 (decimal 1073)
   defining Unicode char U+0432 (decimal 1074)
   defining Unicode char U+0433 (decimal 1075)
   defining Unicode char U+0434 (decimal 1076)
   defining Unicode char U+0435 (decimal 1077)
   defining Unicode char U+0436 (decimal 1078)
   defining Unicode char U+0437 (decimal 1079)
   defining Unicode char U+0438 (decimal 1080)
   defining Unicode char U+0439 (decimal 1081)
   defining Unicode char U+043A (decimal 1082)
   defining Unicode char U+043B (decimal 1083)
   defining Unicode char U+043C (decimal 1084)
   defining Unicode char U+043D (decimal 1085)
   defining Unicode char U+043E (decimal 1086)
   defining Unicode char U+043F (decimal 1087)
   defining Unicode char U+0440 (decimal 1088)
   defining Unicode char U+0441 (decimal 1089)
   defining Unicode char U+0442 (decimal 1090)
   defining Unicode char U+0443 (decimal 1091)
   defining Unicode char U+0444 (decimal 1092)
   defining Unicode char U+0445 (decimal 1093)
   defining Unicode char U+0446 (decimal 1094)
   defining Unicode char U+0447 (decimal 1095)
   defining Unicode char U+0448 (decimal 1096)
   defining Unicode char U+0449 (decimal 1097)
   defining Unicode char U+044A (decimal 1098)
   defining Unicode char U+044B (decimal 1099)
   defining Unicode char U+044C (decimal 1100)
   defining Unicode char U+044D (decimal 1101)
   defining Unicode char U+044E (decimal 1102)
   defining Unicode char U+044F (decimal 1103)
   defining Unicode char U+0450 (decimal 1104)
   defining Unicode char U+0451 (decimal 1105)
   defining Unicode char U+0452 (decimal 1106)
   defining Unicode char U+0453 (decimal 1107)
   defining Unicode char U+0454 (decimal 1108)
   defining Unicode char U+0455 (decimal 1109)
   defining Unicode char U+0456 (decimal 1110)
   defining Unicode char U+0457 (decimal 1111)
   defining Unicode char U+0458 (decimal 1112)
   defining Unicode char U+0459 (decimal 1113)
   defining Unicode char U+045A (decimal 1114)
   defining Unicode char U+045B (decimal 1115)
   defining Unicode char U+045C (decimal 1116)
   defining Unicode char U+045D (decimal 1117)
   defining Unicode char U+045E (decimal 1118)
   defining Unicode char U+045F (decimal 1119)
   defining Unicode char U+0490 (decimal 1168)
   defining Unicode char U+0491 (decimal 1169)
   defining Unicode char U+0492 (decimal 1170)
   defining Unicode char U+0493 (decimal 1171)
   defining Unicode char U+0496 (decimal 1174)
   defining Unicode char U+0497 (decimal 1175)
   defining Unicode char U+0498 (decimal 1176)
   defining Unicode char U+0499 (decimal 1177)
   defining Unicode char U+049A (decimal 1178)
   defining Unicode char U+049B (decimal 1179)
   defining Unicode char U+049C (decimal 1180)
   defining Unicode char U+049D (decimal 1181)
   defining Unicode char U+04A0 (decimal 1184)
   defining Unicode char U+04A1 (decimal 1185)
   defining Unicode char U+04A2 (decimal 1186)
   defining Unicode char U+04A3 (decimal 1187)
   defining Unicode char U+04A4 (decimal 1188)
   defining Unicode char U+04A5 (decimal 1189)
   defining Unicode char U+04AA (decimal 1194)
   defining Unicode char U+04AB (decimal 1195)
   defining Unicode char U+04AE (decimal 1198)
   defining Unicode char U+04AF (decimal 1199)
   defining Unicode char U+04B0 (decimal 1200)
   defining Unicode char U+04B1 (decimal 1201)
   defining Unicode char U+04B2 (decimal 1202)
   defining Unicode char U+04B3 (decimal 1203)
   defining Unicode char U+04B6 (decimal 1206)
   defining Unicode char U+04B7 (decimal 1207)
   defining Unicode char U+04B8 (decimal 1208)
   defining Unicode char U+04B9 (decimal 1209)
   defining Unicode char U+04BA (decimal 1210)
   defining Unicode char U+04BB (decimal 1211)
   defining Unicode char U+04C0 (decimal 1216)
   defining Unicode char U+04C1 (decimal 1217)
   defining Unicode char U+04C2 (decimal 1218)
   defining Unicode char U+04D0 (decimal 1232)
   defining Unicode char U+04D1 (decimal 1233)
   defining Unicode char U+04D2 (decimal 1234)
   defining Unicode char U+04D3 (decimal 1235)
   defining Unicode char U+04D4 (decimal 1236)
   defining Unicode char U+04D5 (decimal 1237)
   defining Unicode char U+04D6 (decimal 1238)
   defining Unicode char U+04D7 (decimal 1239)
   defining Unicode char U+04D8 (decimal 1240)
   defining Unicode char U+04D9 (decimal 1241)
   defining Unicode char U+04DA (decimal 1242)
   defining Unicode char U+04DB (decimal 1243)
   defining Unicode char U+04DC (decimal 1244)
   defining Unicode char U+04DD (decimal 1245)
   defining Unicode char U+04DE (decimal 1246)
   defining Unicode char U+04DF (decimal 1247)
   defining Unicode char U+04E2 (decimal 1250)
   defining Unicode char U+04E3 (decimal 1251)
   defining Unicode char U+04E4 (decimal 1252)
   defining Unicode char U+04E5 (decimal 1253)
   defining Unicode char U+04E6 (decimal 1254)
   defining Unicode char U+04E7 (decimal 1255)
   defining Unicode char U+04E8 (decimal 1256)
   defining Unicode char U+04E9 (decimal 1257)
   defining Unicode char U+04EC (decimal 1260)
   defining Unicode char U+04ED (decimal 1261)
   defining Unicode char U+04EE (decimal 1262)
   defining Unicode char U+04EF (decimal 1263)
   defining Unicode char U+04F0 (decimal 1264)
   defining Unicode char U+04F1 (decimal 1265)
   defining Unicode char U+04F2 (decimal 1266)
   defining Unicode char U+04F3 (decimal 1267)
   defining Unicode char U+04F4 (decimal 1268)
   defining Unicode char U+04F5 (decimal 1269)
   defining Unicode char U+04F8 (decimal 1272)
   defining Unicode char U+04F9 (decimal 1273)
   defining Unicode char U+200C (decimal 8204)
   defining Unicode char U+2013 (decimal 8211)
   defining Unicode char U+2014 (decimal 8212)
   defining Unicode char U+2018 (decimal 8216)
   defining Unicode char U+2019 (decimal 8217)
   defining Unicode char U+201C (decimal 8220)
   defining Unicode char U+201D (decimal 8221)
   defining Unicode char U+201E (decimal 8222)
   defining Unicode char U+2030 (decimal 8240)
   defining Unicode char U+2031 (decimal 8241)
   defining Unicode char U+2116 (decimal 8470)
   defining Unicode char U+2329 (decimal 9001)
   defining Unicode char U+232A (decimal 9002)
   defining Unicode char U+2423 (decimal 9251)
))
Package babel Info: Making " an active character on input line 199.
))
("C:\Program Files\MiKTeX 2.9\tex\latex\base\fontenc.sty"
Package: fontenc 2005/09/27 v1.99g Standard LaTeX package

("C:\Program Files\MiKTeX 2.9\tex\latex\base\ot1enc.def"
File: ot1enc.def 2005/09/27 v1.99g Standard LaTeX file
LaTeX Font Info:    Redeclaring font encoding OT1 on input line 43.
))
("C:\Program Files\MiKTeX 2.9\tex\latex\amsmath\amsmath.sty"
Package: amsmath 2013/01/14 v2.14 AMS math features
\@mathmargin=\skip43

For additional information on amsmath, use the `?' option.
("C:\Program Files\MiKTeX 2.9\tex\latex\amsmath\amstext.sty"
Package: amstext 2000/06/29 v2.01

("C:\Program Files\MiKTeX 2.9\tex\latex\amsmath\amsgen.sty"
File: amsgen.sty 1999/11/30 v2.0
\@emptytoks=\toks16
\ex@=\dimen104
))
("C:\Program Files\MiKTeX 2.9\tex\latex\amsmath\amsbsy.sty"
Package: amsbsy 1999/11/29 v1.2d
\pmbraise@=\dimen105
)
("C:\Program Files\MiKTeX 2.9\tex\latex\amsmath\amsopn.sty"
Package: amsopn 1999/12/14 v2.01 operator names
)
\inf@bad=\count88
LaTeX Info: Redefining \frac on input line 210.
\uproot@=\count89
\leftroot@=\count90
LaTeX Info: Redefining \overline on input line 306.
\classnum@=\count91
\DOTSCASE@=\count92
LaTeX Info: Redefining \ldots on input line 378.
LaTeX Info: Redefining \dots on input line 381.
LaTeX Info: Redefining \cdots on input line 466.
\Mathstrutbox@=\box26
\strutbox@=\box27
\big@size=\dimen106
LaTeX Font Info:    Redeclaring font encoding OML on input line 566.
LaTeX Font Info:    Redeclaring font encoding OMS on input line 567.
\macc@depth=\count93
\c@MaxMatrixCols=\count94
\dotsspace@=\muskip10
\c@parentequation=\count95
\dspbrk@lvl=\count96
\tag@help=\toks17
\row@=\count97
\column@=\count98
\maxfields@=\count99
\andhelp@=\toks18
\eqnshift@=\dimen107
\alignsep@=\dimen108
\tagshift@=\dimen109
\tagwidth@=\dimen110
\totwidth@=\dimen111
\lineht@=\dimen112
\@envbody=\toks19
\multlinegap=\skip44
\multlinetaggap=\skip45
\mathdisplay@stack=\toks20
LaTeX Info: Redefining \[ on input line 2665.
LaTeX Info: Redefining \] on input line 2666.
)
("C:\Program Files\MiKTeX 2.9\tex\latex\amsfonts\amsfonts.sty"
Package: amsfonts 2013/01/14 v3.01 Basic AMSFonts support
\symAMSa=\mathgroup4
\symAMSb=\mathgroup5
LaTeX Font Info:    Overwriting math alphabet `\mathfrak' in version `bold'
(Font)                  U/euf/m/n --> U/euf/b/n on input line 106.
)
("C:\Program Files\MiKTeX 2.9\tex\latex\amsfonts\amssymb.sty"
Package: amssymb 2013/01/14 v3.01 AMS font symbols
)
("C:\Program Files\MiKTeX 2.9\tex\latex\graphics\graphicx.sty"
Package: graphicx 1999/02/16 v1.0f Enhanced LaTeX Graphics (DPC,SPQR)

("C:\Program Files\MiKTeX 2.9\tex\latex\graphics\keyval.sty"
Package: keyval 1999/03/16 v1.13 key=value parser (DPC)
\KV@toks@=\toks21
)
("C:\Program Files\MiKTeX 2.9\tex\latex\graphics\graphics.sty"
Package: graphics 2009/02/05 v1.0o Standard LaTeX Graphics (DPC,SPQR)

("C:\Program Files\MiKTeX 2.9\tex\latex\graphics\trig.sty"
Package: trig 1999/03/16 v1.09 sin cos tan (DPC)
)
("C:\Program Files\MiKTeX 2.9\tex\latex\00miktex\graphics.cfg"
File: graphics.cfg 2007/01/18 v1.5 graphics configuration of teTeX/TeXLive
)
Package graphics Info: Driver file: pdftex.def on input line 91.

("C:\Program Files\MiKTeX 2.9\tex\latex\pdftex-def\pdftex.def"
File: pdftex.def 2011/05/27 v0.06d Graphics/color for pdfTeX

("C:\Program Files\MiKTeX 2.9\tex\generic\oberdiek\infwarerr.sty"
Package: infwarerr 2010/04/08 v1.3 Providing info/warning/error messages (HO)
)
("C:\Program Files\MiKTeX 2.9\tex\generic\oberdiek\ltxcmds.sty"
Package: ltxcmds 2011/11/09 v1.22 LaTeX kernel commands for general use (HO)
)
\Gread@gobject=\count100
))
\Gin@req@height=\dimen113
\Gin@req@width=\dimen114
)
("C:\Program Files\MiKTeX 2.9\tex\latex\placeins\placeins.sty"
Package: placeins 2005/04/18  v 2.2
)
("K:\trunk\trunk\Klimov+Nazarova\home\Klimov & Nazarova.aux"
LaTeX Font Info:    Try loading font information for T2A+cmr on input line 3.

("C:\Program Files\MiKTeX 2.9\tex\latex\cyrillic\t2acmr.fd"
File: t2acmr.fd 2001/08/11 v1.0a Computer Modern Cyrillic font definitions
)

LaTeX Warning: Label `fig.sim_fm' multiply defined.

)
LaTeX Font Info:    Checking defaults for OML/cmm/m/it on input line 16.
LaTeX Font Info:    ... okay on input line 16.
LaTeX Font Info:    Checking defaults for T1/cmr/m/n on input line 16.
LaTeX Font Info:    ... okay on input line 16.
LaTeX Font Info:    Checking defaults for OT1/cmr/m/n on input line 16.
LaTeX Font Info:    ... okay on input line 16.
LaTeX Font Info:    Checking defaults for OMS/cmsy/m/n on input line 16.
LaTeX Font Info:    ... okay on input line 16.
LaTeX Font Info:    Checking defaults for OMX/cmex/m/n on input line 16.
LaTeX Font Info:    ... okay on input line 16.
LaTeX Font Info:    Checking defaults for U/cmr/m/n on input line 16.
LaTeX Font Info:    ... okay on input line 16.
LaTeX Font Info:    Checking defaults for T2A/cmr/m/n on input line 16.
LaTeX Font Info:    ... okay on input line 16.
 ("C:\Program Files\MiKTeX 2.9\tex\context\base\supp-pdf.mkii"
[Loading MPS to PDF converter (version 2006.09.02).]
\scratchcounter=\count101
\scratchdimen=\dimen115
\scratchbox=\box28
\nofMPsegments=\count102
\nofMParguments=\count103
\everyMPshowfont=\toks22
\MPscratchCnt=\count104
\MPscratchDim=\dimen116
\MPnumerator=\count105
\makeMPintoPDFobject=\count106
\everyMPtoPDFconversion=\toks23
)
LaTeX Font Info:    Try loading font information for U+msa on input line 17.
 ("C:\Program Files\MiKTeX 2.9\tex\latex\amsfonts\umsa.fd"
File: umsa.fd 2013/01/14 v3.01 AMS symbols A
)
LaTeX Font Info:    Try loading font information for U+msb on input line 17.

("C:\Program Files\MiKTeX 2.9\tex\latex\amsfonts\umsb.fd"
File: umsb.fd 2013/01/14 v3.01 AMS symbols B
) [1

{C:/ProgramData/MiKTeX/2.9/pdftex/config/pdftex.map}]
("K:\trunk\trunk\Klimov+Nazarova\home\Klimov & Nazarova.toc")
\tf@toc=\write3
 [2] [3] [4]
<1.jpg, id=32, 563.10374pt x 421.575pt>
File: 1.jpg Graphic file (type jpg)
 <use 1.jpg>
Package pdftex.def Info: 1.jpg used on input line 108.
(pdftex.def)             Requested size: 284.52756pt x 213.0127pt.
 [5 <K:/trunk/trunk/Klimov+Nazarova/home/1.jpg>] <2.jpg, id=36, 563.10374pt x 4
21.575pt>
File: 2.jpg Graphic file (type jpg)
 <use 2.jpg>
Package pdftex.def Info: 2.jpg used on input line 115.
(pdftex.def)             Requested size: 284.52756pt x 213.0127pt.

<3.jpg, id=37, 563.10374pt x 421.575pt>
File: 3.jpg Graphic file (type jpg)
 <use 3.jpg>
Package pdftex.def Info: 3.jpg used on input line 121.
(pdftex.def)             Requested size: 284.52756pt x 213.0127pt.


LaTeX Warning: `h' float specifier changed to `ht'.

[6 <K:/trunk/trunk/Klimov+Nazarova/home/2.jpg>]
<4.jpg, id=41, 563.10374pt x 421.575pt>
File: 4.jpg Graphic file (type jpg)
 <use 4.jpg>
Package pdftex.def Info: 4.jpg used on input line 128.
(pdftex.def)             Requested size: 284.52756pt x 213.0127pt.


LaTeX Warning: `h' float specifier changed to `ht'.

[7 <K:/trunk/trunk/Klimov+Nazarova/home/3.jpg>] [8 <K:/trunk/trunk/Klimov+Nazar
ova/home/4.jpg>]
LaTeX Font Info:    Try loading font information for OMS+cmr on input line 144.

 ("C:\Program Files\MiKTeX 2.9\tex\latex\base\omscmr.fd"
File: omscmr.fd 1999/05/25 v2.5h Standard LaTeX font definitions
)
LaTeX Font Info:    Font shape `OMS/cmr/m/n' in size <10> not available
(Font)              Font shape `OMS/cmsy/m/n' tried instead on input line 144.

[9] <lab5/5_1.jpg, id=53, 421.575pt x 316.18124pt>
File: lab5/5_1.jpg Graphic file (type jpg)
 <use lab5/5_1.jpg>
Package pdftex.def Info: lab5/5_1.jpg used on input line 217.
(pdftex.def)             Requested size: 184.9429pt x 138.71008pt.

Overfull \hbox (15.891pt too wide) in paragraph at lines 217--217
 [][] 
 []

<lab5/5_2.jpg, id=54, 495.35063pt x 334.24875pt>
File: lab5/5_2.jpg Graphic file (type jpg)
 <use lab5/5_2.jpg>
Package pdftex.def Info: lab5/5_2.jpg used on input line 221.
(pdftex.def)             Requested size: 184.9429pt x 124.79214pt.

Overfull \hbox (15.891pt too wide) in paragraph at lines 221--222
 [][] 
 []

<lab5/5_3.jpg, id=55, 421.575pt x 316.18124pt>
File: lab5/5_3.jpg Graphic file (type jpg)
 <use lab5/5_3.jpg>
Package pdftex.def Info: lab5/5_3.jpg used on input line 229.
(pdftex.def)             Requested size: 184.9429pt x 138.71008pt.

Overfull \hbox (15.891pt too wide) in paragraph at lines 229--229
 [][] 
 []

<lab5/5_4.jpg, id=56, 466.74374pt x 358.33875pt>
File: lab5/5_4.jpg Graphic file (type jpg)
 <use lab5/5_4.jpg>
Package pdftex.def Info: lab5/5_4.jpg used on input line 233.
(pdftex.def)             Requested size: 184.9429pt x 141.98787pt.

Overfull \hbox (15.891pt too wide) in paragraph at lines 233--234
 [][] 
 []


LaTeX Warning: `h' float specifier changed to `ht'.

<lab5/5_5.jpg, id=57, 421.575pt x 316.18124pt>
File: lab5/5_5.jpg Graphic file (type jpg)
 <use lab5/5_5.jpg>
Package pdftex.def Info: lab5/5_5.jpg used on input line 241.
(pdftex.def)             Requested size: 184.9429pt x 138.71008pt.

Overfull \hbox (15.891pt too wide) in paragraph at lines 241--241
 [][] 
 []

<lab5/5_6.jpg, id=58, 486.31688pt x 372.64218pt>
File: lab5/5_6.jpg Graphic file (type jpg)
 <use lab5/5_6.jpg>
Package pdftex.def Info: lab5/5_6.jpg used on input line 245.
(pdftex.def)             Requested size: 184.9429pt x 141.71353pt.

Overfull \hbox (15.891pt too wide) in paragraph at lines 245--246
 [][] 
 []


LaTeX Warning: `h' float specifier changed to `ht'.

[10 <K:/trunk/trunk/Klimov+Nazarova/home/lab5/5_1.jpg> <K:/trunk/trunk/Klimov+N
azarova/home/lab5/5_2.jpg>]
<lab5/1_simulink.jpg, id=62, 252.19218pt x 202.50656pt>
File: lab5/1_simulink.jpg Graphic file (type jpg)

<use lab5/1_simulink.jpg>
Package pdftex.def Info: lab5/1_simulink.jpg used on input line 259.
(pdftex.def)             Requested size: 284.52756pt x 228.47437pt.

<lab5/lab5_1_simulink.jpg, id=64, 674.52pt x 316.93407pt>
File: lab5/lab5_1_simulink.jpg Graphic file (type jpg)

<use lab5/lab5_1_simulink.jpg>
Package pdftex.def Info: lab5/lab5_1_simulink.jpg used on input line 265.
(pdftex.def)             Requested size: 284.52756pt x 133.69171pt.

<lab5/lab5_2_simulink.jpg, id=65, 1433.355pt x 710.655pt>
File: lab5/lab5_2_simulink.jpg Graphic file (type jpg)

<use lab5/lab5_2_simulink.jpg>
Package pdftex.def Info: lab5/lab5_2_simulink.jpg used on input line 271.
(pdftex.def)             Requested size: 284.52756pt x 141.0658pt.


LaTeX Warning: `h' float specifier changed to `ht'.


LaTeX Warning: `h' float specifier changed to `ht'.


LaTeX Warning: `h' float specifier changed to `ht'.

<lab5/3_simulink.jpg, id=66, 247.67531pt x 194.22563pt>
File: lab5/3_simulink.jpg Graphic file (type jpg)

<use lab5/3_simulink.jpg>
Package pdftex.def Info: lab5/3_simulink.jpg used on input line 279.
(pdftex.def)             Requested size: 284.52756pt x 223.14137pt.

<lab5/lab5_3_simulink.jpg, id=67, 673.76718pt x 314.67563pt>
File: lab5/lab5_3_simulink.jpg Graphic file (type jpg)

<use lab5/lab5_3_simulink.jpg>
Package pdftex.def Info: lab5/lab5_3_simulink.jpg used on input line 285.
(pdftex.def)             Requested size: 284.52756pt x 132.8879pt.

<lab5/lab5_4_simulink.jpg, id=68, 1433.355pt x 710.655pt>
File: lab5/lab5_4_simulink.jpg Graphic file (type jpg)

<use lab5/lab5_4_simulink.jpg>
Package pdftex.def Info: lab5/lab5_4_simulink.jpg used on input line 291.
(pdftex.def)             Requested size: 284.52756pt x 141.0658pt.


LaTeX Warning: `h' float specifier changed to `ht'.


LaTeX Warning: `h' float specifier changed to `ht'.


LaTeX Warning: `h' float specifier changed to `ht'.

<lab5/4_simulink.jpg, id=69, 420.06938pt x 231.11343pt>
File: lab5/4_simulink.jpg Graphic file (type jpg)

<use lab5/4_simulink.jpg>
Package pdftex.def Info: lab5/4_simulink.jpg used on input line 299.
(pdftex.def)             Requested size: 284.52756pt x 156.54144pt.

<lab5/lab5_5_simulink.jpg, id=70, 836.3747pt x 326.72063pt>
File: lab5/lab5_5_simulink.jpg Graphic file (type jpg)

<use lab5/lab5_5_simulink.jpg>
Package pdftex.def Info: lab5/lab5_5_simulink.jpg used on input line 305.
(pdftex.def)             Requested size: 284.52756pt x 111.14835pt.

<lab5/lab5_6_simulink.jpg, id=71, 1433.355pt x 710.655pt>
File: lab5/lab5_6_simulink.jpg Graphic file (type jpg)

<use lab5/lab5_6_simulink.jpg>
Package pdftex.def Info: lab5/lab5_6_simulink.jpg used on input line 311.
(pdftex.def)             Requested size: 284.52756pt x 141.0658pt.


LaTeX Warning: `h' float specifier changed to `ht'.


LaTeX Warning: `h' float specifier changed to `ht'.


LaTeX Warning: `h' float specifier changed to `ht'.

[11 <K:/trunk/trunk/Klimov+Nazarova/home/lab5/5_3.jpg> <K:/trunk/trunk/Klimov+N
azarova/home/lab5/5_4.jpg> <K:/trunk/trunk/Klimov+Nazarova/home/lab5/5_5.jpg> <
K:/trunk/trunk/Klimov+Nazarova/home/lab5/5_6.jpg>] [12 <K:/trunk/trunk/Klimov+N
azarova/home/lab5/1_simulink.jpg> <K:/trunk/trunk/Klimov+Nazarova/home/lab5/lab
5_1_simulink.jpg> <K:/trunk/trunk/Klimov+Nazarova/home/lab5/lab5_2_simulink.jpg
>] [13 <K:/trunk/trunk/Klimov+Nazarova/home/lab5/3_simulink.jpg> <K:/trunk/trun
k/Klimov+Nazarova/home/lab5/lab5_3_simulink.jpg> <K:/trunk/trunk/Klimov+Nazarov
a/home/lab5/lab5_4_simulink.jpg>] [14 <K:/trunk/trunk/Klimov+Nazarova/home/lab5
/4_simulink.jpg> <K:/trunk/trunk/Klimov+Nazarova/home/lab5/lab5_5_simulink.jpg>
 <K:/trunk/trunk/Klimov+Nazarova/home/lab5/lab5_6_simulink.jpg>] [15

] [16]
<lab6/lab6_0.jpg, id=94, 563.10374pt x 421.575pt>
File: lab6/lab6_0.jpg Graphic file (type jpg)
 <use lab6/lab6_0.jpg>
Package pdftex.def Info: lab6/lab6_0.jpg used on input line 392.
(pdftex.def)             Requested size: 184.9429pt x 138.4576pt.

<lab6/lab6_1.jpg, id=95, 563.10374pt x 421.575pt>
File: lab6/lab6_1.jpg Graphic file (type jpg)
 <use lab6/lab6_1.jpg>
Package pdftex.def Info: lab6/lab6_1.jpg used on input line 400.
(pdftex.def)             Requested size: 184.9429pt x 138.4576pt.

Overfull \hbox (15.891pt too wide) in paragraph at lines 400--400
 [][] 
 []


Underfull \hbox (badness 1028) in paragraph at lines 400--400
[]\T2A/cmr/m/n/10 –ис. 21: «а-шум-лен-ный гар-мо-ни-че-
 []

<lab6/lab6_2.jpg, id=96, 563.10374pt x 421.575pt>
File: lab6/lab6_2.jpg Graphic file (type jpg)
 <use lab6/lab6_2.jpg>
Package pdftex.def Info: lab6/lab6_2.jpg used on input line 404.
(pdftex.def)             Requested size: 184.9429pt x 138.4576pt.

Overfull \hbox (15.891pt too wide) in paragraph at lines 404--405
 [][] 
 []

<lab6/lab6_3.jpg, id=97, 563.10374pt x 421.575pt>
File: lab6/lab6_3.jpg Graphic file (type jpg)
 <use lab6/lab6_3.jpg>
Package pdftex.def Info: lab6/lab6_3.jpg used on input line 412.
(pdftex.def)             Requested size: 184.9429pt x 138.4576pt.

Overfull \hbox (15.891pt too wide) in paragraph at lines 412--412
 [][] 
 []

<lab6/lab6_4.jpg, id=98, 563.10374pt x 421.575pt>
File: lab6/lab6_4.jpg Graphic file (type jpg)
 <use lab6/lab6_4.jpg>
Package pdftex.def Info: lab6/lab6_4.jpg used on input line 416.
(pdftex.def)             Requested size: 184.9429pt x 138.4576pt.

Overfull \hbox (15.891pt too wide) in paragraph at lines 416--417
 [][] 
 []


LaTeX Warning: `h' float specifier changed to `ht'.

[17 <K:/trunk/trunk/Klimov+Nazarova/home/lab6/lab6_0.jpg> <K:/trunk/trunk/Klimo
v+Nazarova/home/lab6/lab6_1.jpg> <K:/trunk/trunk/Klimov+Nazarova/home/lab6/lab6
_2.jpg>] <lab6/Sim_0.jpg, id=102, 350.05782pt x 244.66406pt>
File: lab6/Sim_0.jpg Graphic file (type jpg)

<use lab6/Sim_0.jpg>
Package pdftex.def Info: lab6/Sim_0.jpg used on input line 424.
(pdftex.def)             Requested size: 284.52756pt x 198.87491pt.
 <lab6/Sim_1.jpg, id=103, 362.10281pt x 315.42844pt>
File: lab6/Sim_1.jpg Graphic file (type jpg)

<use lab6/Sim_1.jpg>
Package pdftex.def Info: lab6/Sim_1.jpg used on input line 428.
(pdftex.def)             Requested size: 284.52756pt x 247.85733pt.


LaTeX Warning: `h' float specifier changed to `ht'.

<lab6/Sim_2.jpg, id=104, 355.3275pt x 327.47343pt>
File: lab6/Sim_2.jpg Graphic file (type jpg)
 <use lab6/Sim_2.jpg>
Package pdftex.def Info: lab6/Sim_2.jpg used on input line 433.
(pdftex.def)             Requested size: 284.52756pt x 262.22894pt.

[18 <K:/trunk/trunk/Klimov+Nazarova/home/lab6/lab6_3.jpg> <K:/trunk/trunk/Klimo
v+Nazarova/home/lab6/lab6_4.jpg> <K:/trunk/trunk/Klimov+Nazarova/home/lab6/Sim_
0.jpg>] [19 <K:/trunk/trunk/Klimov+Nazarova/home/lab6/Sim_1.jpg> <K:/trunk/trun
k/Klimov+Nazarova/home/lab6/Sim_2.jpg>] [20

] [21]
<lab7/lab7_0.jpg, id=119, 563.10374pt x 421.575pt>
File: lab7/lab7_0.jpg Graphic file (type jpg)
 <use lab7/lab7_0.jpg>
Package pdftex.def Info: lab7/lab7_0.jpg used on input line 524.
(pdftex.def)             Requested size: 184.9429pt x 138.4576pt.

Overfull \hbox (15.891pt too wide) in paragraph at lines 524--524
 [][] 
 []


Underfull \hbox (badness 1577) in paragraph at lines 524--524
[]\T2A/cmr/m/n/10 –ис. 28: »с-ход-ный гар-мо-ни-че-ский
 []

<lab7/lab7_1.jpg, id=120, 563.10374pt x 421.575pt>
File: lab7/lab7_1.jpg Graphic file (type jpg)
 <use lab7/lab7_1.jpg>
Package pdftex.def Info: lab7/lab7_1.jpg used on input line 528.
(pdftex.def)             Requested size: 184.9429pt x 138.4576pt.

Overfull \hbox (15.891pt too wide) in paragraph at lines 528--529
 [][] 
 []

<lab7/lab7_2.jpg, id=121, 563.10374pt x 421.575pt>
File: lab7/lab7_2.jpg Graphic file (type jpg)
 <use lab7/lab7_2.jpg>
Package pdftex.def Info: lab7/lab7_2.jpg used on input line 536.
(pdftex.def)             Requested size: 184.9429pt x 138.4576pt.

Overfull \hbox (15.891pt too wide) in paragraph at lines 536--536
 [][] 
 []

<lab7/lab7_3.jpg, id=122, 563.10374pt x 421.575pt>
File: lab7/lab7_3.jpg Graphic file (type jpg)
 <use lab7/lab7_3.jpg>
Package pdftex.def Info: lab7/lab7_3.jpg used on input line 540.
(pdftex.def)             Requested size: 184.9429pt x 138.4576pt.

Overfull \hbox (15.891pt too wide) in paragraph at lines 540--541
 [][] 
 []


LaTeX Warning: `h' float specifier changed to `ht'.

<lab7/lab7_4.jpg, id=123, 563.10374pt x 421.575pt>
File: lab7/lab7_4.jpg Graphic file (type jpg)
 <use lab7/lab7_4.jpg>
Package pdftex.def Info: lab7/lab7_4.jpg used on input line 548.
(pdftex.def)             Requested size: 184.9429pt x 138.4576pt.

Overfull \hbox (15.891pt too wide) in paragraph at lines 548--548
 [][] 
 []

<lab7/lab7_5.jpg, id=124, 563.10374pt x 421.575pt>
File: lab7/lab7_5.jpg Graphic file (type jpg)
 <use lab7/lab7_5.jpg>
Package pdftex.def Info: lab7/lab7_5.jpg used on input line 552.
(pdftex.def)             Requested size: 184.9429pt x 138.4576pt.

Overfull \hbox (15.891pt too wide) in paragraph at lines 552--553
 [][] 
 []


LaTeX Warning: `h' float specifier changed to `ht'.

<lab7/lab7_6.jpg, id=125, 563.10374pt x 421.575pt>
File: lab7/lab7_6.jpg Graphic file (type jpg)
 <use lab7/lab7_6.jpg>
Package pdftex.def Info: lab7/lab7_6.jpg used on input line 560.
(pdftex.def)             Requested size: 184.9429pt x 138.4576pt.

Overfull \hbox (15.891pt too wide) in paragraph at lines 560--560
 [][] 
 []

<lab7/lab7_7.jpg, id=126, 563.10374pt x 421.575pt>
File: lab7/lab7_7.jpg Graphic file (type jpg)
 <use lab7/lab7_7.jpg>
Package pdftex.def Info: lab7/lab7_7.jpg used on input line 564.
(pdftex.def)             Requested size: 184.9429pt x 138.4576pt.

Overfull \hbox (15.891pt too wide) in paragraph at lines 564--565
 [][] 
 []


LaTeX Warning: `h' float specifier changed to `ht'.

[22 <K:/trunk/trunk/Klimov+Nazarova/home/lab7/lab7_0.jpg> <K:/trunk/trunk/Klimo
v+Nazarova/home/lab7/lab7_1.jpg>] [23 <K:/trunk/trunk/Klimov+Nazarova/home/lab7
/lab7_2.jpg> <K:/trunk/trunk/Klimov+Nazarova/home/lab7/lab7_3.jpg> <K:/trunk/tr
unk/Klimov+Nazarova/home/lab7/lab7_4.jpg> <K:/trunk/trunk/Klimov+Nazarova/home/
lab7/lab7_5.jpg> <K:/trunk/trunk/Klimov+Nazarova/home/lab7/lab7_6.jpg> <K:/trun
k/trunk/Klimov+Nazarova/home/lab7/lab7_7.jpg>]
<lab7/lab7_8.jpg, id=133, 563.10374pt x 421.575pt>
File: lab7/lab7_8.jpg Graphic file (type jpg)
 <use lab7/lab7_8.jpg>
Package pdftex.def Info: lab7/lab7_8.jpg used on input line 599.
(pdftex.def)             Requested size: 184.9429pt x 138.4576pt.

Overfull \hbox (15.891pt too wide) in paragraph at lines 599--599
 [][] 
 []

<lab7/lab7_9.jpg, id=134, 563.10374pt x 421.575pt>
File: lab7/lab7_9.jpg Graphic file (type jpg)
 <use lab7/lab7_9.jpg>
Package pdftex.def Info: lab7/lab7_9.jpg used on input line 603.
(pdftex.def)             Requested size: 184.9429pt x 138.4576pt.

Overfull \hbox (15.891pt too wide) in paragraph at lines 603--604
 [][] 
 []

[24

 <K:/trunk/trunk/Klimov+Nazarova/home/lab7/lab7_8.jpg> <K:/trunk/trunk/Klimov+N
azarova/home/lab7/lab7_9.jpg>]
<lab7/lab7_10.jpg, id=138, 563.10374pt x 421.575pt>
File: lab7/lab7_10.jpg Graphic file (type jpg)
 <use lab7/lab7_10.jpg>
Package pdftex.def Info: lab7/lab7_10.jpg used on input line 636.
(pdftex.def)             Requested size: 184.9429pt x 138.4576pt.

Overfull \hbox (15.891pt too wide) in paragraph at lines 636--636
 [][] 
 []

<lab7/lab7_11.jpg, id=139, 563.10374pt x 421.575pt>
File: lab7/lab7_11.jpg Graphic file (type jpg)
 <use lab7/lab7_11.jpg>
Package pdftex.def Info: lab7/lab7_11.jpg used on input line 640.
(pdftex.def)             Requested size: 184.9429pt x 138.4576pt.

Overfull \hbox (15.891pt too wide) in paragraph at lines 640--641
 [][] 
 []


Overfull \hbox (0.19604pt too wide) in paragraph at lines 668--669
[]\T2A/cmr/m/n/10 ¬ ре-зуль-та-те син-хрон-но-го де-те-ти-ро-ва-ни€ де-мо-ду-ли
-ро-ван-ный сиг-нал пол-
 []

<lab7/lab7_12.jpg, id=140, 563.10374pt x 421.575pt>
File: lab7/lab7_12.jpg Graphic file (type jpg)
 <use lab7/lab7_12.jpg>
Package pdftex.def Info: lab7/lab7_12.jpg used on input line 673.
(pdftex.def)             Requested size: 184.9429pt x 138.4576pt.

Overfull \hbox (15.891pt too wide) in paragraph at lines 673--673
 [][] 
 []


Underfull \hbox (badness 4108) in paragraph at lines 673--673
[]\T2A/cmr/m/n/10 –ис. 40: ƒе-мо-ду-ли-ро-ван-ный јћ-
 []

<lab7/lab7_13.jpg, id=141, 563.10374pt x 421.575pt>
File: lab7/lab7_13.jpg Graphic file (type jpg)
 <use lab7/lab7_13.jpg>
Package pdftex.def Info: lab7/lab7_13.jpg used on input line 677.
(pdftex.def)             Requested size: 184.9429pt x 138.4576pt.

Overfull \hbox (15.891pt too wide) in paragraph at lines 677--678
 [][] 
 []

[25 <K:/trunk/trunk/Klimov+Nazarova/home/lab7/lab7_10.jpg> <K:/trunk/trunk/Klim
ov+Nazarova/home/lab7/lab7_11.jpg>]
<lab7/Sim_ssb0.jpg, id=146, 313.9228pt x 185.19188pt>
File: lab7/Sim_ssb0.jpg Graphic file (type jpg)
 <use lab7/Sim_ssb0.jpg>
Package pdftex.def Info: lab7/Sim_ssb0.jpg used on input line 697.
(pdftex.def)             Requested size: 170.71652pt x 100.70856pt.

<lab7/Sim_ssb1.jpg, id=147, 417.05812pt x 286.06876pt>
File: lab7/Sim_ssb1.jpg Graphic file (type jpg)
 <use lab7/Sim_ssb1.jpg>
Package pdftex.def Info: lab7/Sim_ssb1.jpg used on input line 702.
(pdftex.def)             Requested size: 227.62204pt x 156.13354pt.


LaTeX Warning: `h' float specifier changed to `ht'.

<lab7/Sim_ssb2.jpg, id=148, 410.2828pt x 264.23718pt>
File: lab7/Sim_ssb2.jpg Graphic file (type jpg)
 <use lab7/Sim_ssb2.jpg>
Package pdftex.def Info: lab7/Sim_ssb2.jpg used on input line 707.
(pdftex.def)             Requested size: 227.62204pt x 146.59691pt.


LaTeX Warning: `h' float specifier changed to `ht'.

<lab7/Sim_ssb3.jpg, id=149, 449.42906pt x 261.22594pt>
File: lab7/Sim_ssb3.jpg Graphic file (type jpg)
 <use lab7/Sim_ssb3.jpg>
Package pdftex.def Info: lab7/Sim_ssb3.jpg used on input line 712.
(pdftex.def)             Requested size: 227.62204pt x 132.30269pt.


LaTeX Warning: `h' float specifier changed to `ht'.

[26 <K:/trunk/trunk/Klimov+Nazarova/home/lab7/lab7_12.jpg> <K:/trunk/trunk/Klim
ov+Nazarova/home/lab7/lab7_13.jpg> <K:/trunk/trunk/Klimov+Nazarova/home/lab7/Si
m_ssb0.jpg>] [27 <K:/trunk/trunk/Klimov+Nazarova/home/lab7/Sim_ssb1.jpg> <K:/tr
unk/trunk/Klimov+Nazarova/home/lab7/Sim_ssb2.jpg> <K:/trunk/trunk/Klimov+Nazaro
va/home/lab7/Sim_ssb3.jpg>]
<lab7/Sim_dsbsc0.jpg, id=156, 320.69812pt x 185.94469pt>
File: lab7/Sim_dsbsc0.jpg Graphic file (type jpg)

<use lab7/Sim_dsbsc0.jpg>
Package pdftex.def Info: lab7/Sim_dsbsc0.jpg used on input line 721.
(pdftex.def)             Requested size: 170.71652pt x 98.9843pt.

<lab7/Sim_dsbsc2.jpg, id=157, 412.54124pt x 268.00125pt>
File: lab7/Sim_dsbsc2.jpg Graphic file (type jpg)

<use lab7/Sim_dsbsc2.jpg>
Package pdftex.def Info: lab7/Sim_dsbsc2.jpg used on input line 726.
(pdftex.def)             Requested size: 227.62204pt x 147.8714pt.

<lab7/Sim_dsbsc3.jpg, id=158, 451.6875pt x 262.73157pt>
File: lab7/Sim_dsbsc3.jpg Graphic file (type jpg)

<use lab7/Sim_dsbsc3.jpg>
Package pdftex.def Info: lab7/Sim_dsbsc3.jpg used on input line 731.
(pdftex.def)             Requested size: 227.62204pt x 132.40376pt.


LaTeX Warning: `h' float specifier changed to `ht'.

[28

 <K:/trunk/trunk/Klimov+Nazarova/home/lab7/Sim_dsbsc0.jpg> <K:/trunk/trunk/Klim
ov+Nazarova/home/lab7/Sim_dsbsc2.jpg>] [29 <K:/trunk/trunk/Klimov+Nazarova/home
/lab7/Sim_dsbsc3.jpg>]
LaTeX Font Info:    Try loading font information for T2A+cmtt on input line 786
.

("C:\Program Files\MiKTeX 2.9\tex\latex\cyrillic\t2acmtt.fd"
File: t2acmtt.fd 2001/08/11 v1.0a Computer Modern Cyrillic font definitions
) [30]
Overfull \hbox (17.16156pt too wide) in paragraph at lines 821--821
[]\T2A/cmtt/m/n/10 phasedev = pi/2;                % ƒевиаци€ фазы дл€ фазовой 
модул€ции[] 
 []

<lab8/pm.jpg, id=169, 775.89874pt x 713.66624pt>
File: lab8/pm.jpg Graphic file (type jpg)
 <use lab8/pm.jpg>
Package pdftex.def Info: lab8/pm.jpg used on input line 827.
(pdftex.def)             Requested size: 284.52756pt x 261.71109pt.


LaTeX Warning: `h' float specifier changed to `ht'.

[31]
Overfull \hbox (32.90771pt too wide) in paragraph at lines 867--867
[]\T2A/cmtt/m/n/10 freqdev = 20;                 % ƒевиаци€ частоты дл€ частотн
ой модул€ции[] 
 []

[32 <K:/trunk/trunk/Klimov+Nazarova/home/lab8/pm.jpg>]
<lab8/fm.jpg, id=177, 756.8275pt x 647.41875pt>
File: lab8/fm.jpg Graphic file (type jpg)
 <use lab8/fm.jpg>
Package pdftex.def Info: lab8/fm.jpg used on input line 873.
(pdftex.def)             Requested size: 284.52756pt x 243.3939pt.

<lab8/sim_y.jpg, id=178, 343.2825pt x 147.55125pt>
File: lab8/sim_y.jpg Graphic file (type jpg)
 <use lab8/sim_y.jpg>
Package pdftex.def Info: lab8/sim_y.jpg used on input line 883.
(pdftex.def)             Requested size: 199.16928pt x 85.60678pt.


LaTeX Warning: `h' float specifier changed to `ht'.

[33 <K:/trunk/trunk/Klimov+Nazarova/home/lab8/fm.jpg>]
<lab8/sim_p.jpg, id=182, 372.64218pt x 188.95593pt>
File: lab8/sim_p.jpg Graphic file (type jpg)
 <use lab8/sim_p.jpg>
Package pdftex.def Info: lab8/sim_p.jpg used on input line 890.
(pdftex.def)             Requested size: 199.16928pt x 100.99094pt.

<lab8/sim_pm.jpg, id=183, 474.27188pt x 298.11375pt>
File: lab8/sim_pm.jpg Graphic file (type jpg)
 <use lab8/sim_pm.jpg>
Package pdftex.def Info: lab8/sim_pm.jpg used on input line 898.
(pdftex.def)             Requested size: 184.9429pt x 116.25024pt.

Overfull \hbox (15.891pt too wide) in paragraph at lines 898--898
 [][] 
 []

<lab8/sim_pms.jpg, id=184, 481.04718pt x 335.75438pt>
File: lab8/sim_pms.jpg Graphic file (type jpg)
 <use lab8/sim_pms.jpg>
Package pdftex.def Info: lab8/sim_pms.jpg used on input line 902.
(pdftex.def)             Requested size: 184.9429pt x 129.08395pt.

Overfull \hbox (15.891pt too wide) in paragraph at lines 902--903
 [][] 
 []

<lab8/sim_pdm.jpg, id=185, 512.66531pt x 271.0125pt>
File: lab8/sim_pdm.jpg Graphic file (type jpg)
 <use lab8/sim_pdm.jpg>
Package pdftex.def Info: lab8/sim_pdm.jpg used on input line 908.
(pdftex.def)             Requested size: 199.16928pt x 105.28918pt.


LaTeX Warning: `h' float specifier changed to `ht'.

[34 <K:/trunk/trunk/Klimov+Nazarova/home/lab8/sim_y.jpg> <K:/trunk/trunk/Klimov
+Nazarova/home/lab8/sim_p.jpg> <K:/trunk/trunk/Klimov+Nazarova/home/lab8/sim_pm
.jpg> <K:/trunk/trunk/Klimov+Nazarova/home/lab8/sim_pms.jpg>]
<lab8/sim_f.jpg, id=189, 369.63094pt x 182.18062pt>
File: lab8/sim_f.jpg Graphic file (type jpg)
 <use lab8/sim_f.jpg>
Package pdftex.def Info: lab8/sim_f.jpg used on input line 916.
(pdftex.def)             Requested size: 199.16928pt x 98.1648pt.

<lab8/sim_fm.jpg, id=190, 466.74374pt x 293.59688pt>
File: lab8/sim_fm.jpg Graphic file (type jpg)
 <use lab8/sim_fm.jpg>
Package pdftex.def Info: lab8/sim_fm.jpg used on input line 924.
(pdftex.def)             Requested size: 184.9429pt x 116.3346pt.

Overfull \hbox (15.891pt too wide) in paragraph at lines 924--924
 [][] 
 []

<lab8/sim_fms.jpg, id=191, 482.55281pt x 337.26pt>
File: lab8/sim_fms.jpg Graphic file (type jpg)
 <use lab8/sim_fms.jpg>
Package pdftex.def Info: lab8/sim_fms.jpg used on input line 928.
(pdftex.def)             Requested size: 184.9429pt x 129.25626pt.

Overfull \hbox (15.891pt too wide) in paragraph at lines 928--929
 [][] 
 []

<lab8/sim_fdm.jpg, id=192, 502.12593pt x 264.99pt>
File: lab8/sim_fdm.jpg Graphic file (type jpg)
 <use lab8/sim_fdm.jpg>
Package pdftex.def Info: lab8/sim_fdm.jpg used on input line 934.
(pdftex.def)             Requested size: 199.16928pt x 105.10861pt.


LaTeX Warning: `h' float specifier changed to `ht'.

[35 <K:/trunk/trunk/Klimov+Nazarova/home/lab8/sim_pdm.jpg> <K:/trunk/trunk/Klim
ov+Nazarova/home/lab8/sim_f.jpg> <K:/trunk/trunk/Klimov+Nazarova/home/lab8/sim_
fm.jpg> <K:/trunk/trunk/Klimov+Nazarova/home/lab8/sim_fms.jpg>]
<lab8/sim_pll.jpg, id=196, 422.32782pt x 220.57407pt>
File: lab8/sim_pll.jpg Graphic file (type jpg)
 <use lab8/sim_pll.jpg>
Package pdftex.def Info: lab8/sim_pll.jpg used on input line 951.
(pdftex.def)             Requested size: 199.16928pt x 104.02321pt.


LaTeX Warning: `h' float specifier changed to `ht'.

<lab8/sim_fpll_filt.jpg, id=197, 503.63156pt x 267.24844pt>
File: lab8/sim_fpll_filt.jpg Graphic file (type jpg)

<use lab8/sim_fpll_filt.jpg>
Package pdftex.def Info: lab8/sim_fpll_filt.jpg used on input line 958.
(pdftex.def)             Requested size: 199.16928pt x 105.68634pt.


LaTeX Warning: `h' float specifier changed to `ht'.

<lab8/sim_fpll_pd.jpg, id=198, 500.62032pt x 262.73157pt>
File: lab8/sim_fpll_pd.jpg Graphic file (type jpg)

<use lab8/sim_fpll_pd.jpg>
Package pdftex.def Info: lab8/sim_fpll_pd.jpg used on input line 964.
(pdftex.def)             Requested size: 184.9429pt x 97.06082pt.

Overfull \hbox (15.891pt too wide) in paragraph at lines 964--964
 [][] 
 []

<lab8/sim_fpll_vco.jpg, id=199, 496.10344pt x 261.97874pt>
File: lab8/sim_fpll_vco.jpg Graphic file (type jpg)

<use lab8/sim_fpll_vco.jpg>
Package pdftex.def Info: lab8/sim_fpll_vco.jpg used on input line 968.
(pdftex.def)             Requested size: 184.9429pt x 97.66216pt.

Overfull \hbox (15.891pt too wide) in paragraph at lines 968--969
 [][] 
 []


LaTeX Warning: `h' float specifier changed to `ht'.

[36 <K:/trunk/trunk/Klimov+Nazarova/home/lab8/sim_fdm.jpg>] [37 <K:/trunk/trunk
/Klimov+Nazarova/home/lab8/sim_pll.jpg> <K:/trunk/trunk/Klimov+Nazarova/home/la
b8/sim_fpll_filt.jpg> <K:/trunk/trunk/Klimov+Nazarova/home/lab8/sim_fpll_pd.jpg
> <K:/trunk/trunk/Klimov+Nazarova/home/lab8/sim_fpll_vco.jpg>] [38

]
("K:\trunk\trunk\Klimov+Nazarova\home\Klimov & Nazarova.aux")

LaTeX Warning: There were multiply-defined labels.

 ) 
Here is how much of TeX's memory you used:
 3766 strings out of 493921
 45811 string characters out of 3147276
 94761 words of memory out of 3000000
 6867 multiletter control sequences out of 15000+200000
 19302 words of font info for 58 fonts, out of 3000000 for 9000
 841 hyphenation exceptions out of 8191
 27i,8n,30p,4425b,300s stack positions out of 5000i,500n,10000p,200000b,50000s
{C:/Program Files/MiKTeX 2.9/fonts/enc/dvips/cm-super/cm-super-t2a.enc}<C:/Pr
ogram Files/MiKTeX 2.9/fonts/type1/public/amsfonts/cm/cmbx10.pfb><C:/Program Fi
les/MiKTeX 2.9/fonts/type1/public/amsfonts/cm/cmbx12.pfb><C:/Program Files/MiKT
eX 2.9/fonts/type1/public/amsfonts/cm/cmbx7.pfb><C:/Program Files/MiKTeX 2.9/fo
nts/type1/public/amsfonts/cm/cmex10.pfb><C:/Program Files/MiKTeX 2.9/fonts/type
1/public/amsfonts/cm/cmmi10.pfb><C:/Program Files/MiKTeX 2.9/fonts/type1/public
/amsfonts/cm/cmmi5.pfb><C:/Program Files/MiKTeX 2.9/fonts/type1/public/amsfonts
/cm/cmmi7.pfb><C:/Program Files/MiKTeX 2.9/fonts/type1/public/amsfonts/cm/cmr10
.pfb><C:/Program Files/MiKTeX 2.9/fonts/type1/public/amsfonts/cm/cmr5.pfb><C:/P
rogram Files/MiKTeX 2.9/fonts/type1/public/amsfonts/cm/cmr7.pfb><C:/Program Fil
es/MiKTeX 2.9/fonts/type1/public/amsfonts/cm/cmsy10.pfb><C:/Program Files/MiKTe
X 2.9/fonts/type1/public/amsfonts/cm/cmsy7.pfb><C:/Program Files/MiKTeX 2.9/fon
ts/type1/public/amsfonts/symbols/msam10.pfb><C:/Program Files/MiKTeX 2.9/fonts/
type1/public/cm-super/sfbx1000.pfb><C:/Program Files/MiKTeX 2.9/fonts/type1/pub
lic/cm-super/sfbx1200.pfb><C:/Program Files/MiKTeX 2.9/fonts/type1/public/cm-su
per/sfbx1440.pfb><C:/Program Files/MiKTeX 2.9/fonts/type1/public/cm-super/sfrm1
000.pfb><C:/Program Files/MiKTeX 2.9/fonts/type1/public/cm-super/sfrm1200.pfb><
C:/Program Files/MiKTeX 2.9/fonts/type1/public/cm-super/sfrm1728.pfb><C:/Progra
m Files/MiKTeX 2.9/fonts/type1/public/cm-super/sfti1000.pfb><C:/Program Files/M
iKTeX 2.9/fonts/type1/public/cm-super/sftt1000.pfb>
Output written on "Klimov & Nazarova.pdf" (38 pages, 3731585 bytes).
PDF statistics:
 278 PDF objects out of 1000 (max. 8388607)
 0 named destinations out of 1000 (max. 500000)
 316 words of extra memory for PDF output out of 10000 (max. 10000000)

