This is pdfTeX, Version 3.1415926-2.5-1.40.14 (MiKTeX 2.9) (preloaded format=pdflatex 2014.2.27)  2 JUN 2014 02:48
entering extended mode
**C:/Users/РђРЅС‚РѕРЅ/Desktop/lab4*kent*kiselev/lab4*kent*kiselev/lab4*kent*kis
elev1.tex

("C:/Users/РђРЅС‚РѕРЅ/Desktop/lab4 kent kiselev/lab4 kent kiselev/lab4 kent kis
elev1.tex"
LaTeX2e <2011/06/27>
Babel <v3.8m> and hyphenation patterns for english, afrikaans, ancientgreek, ar
abic, armenian, assamese, basque, bengali, bokmal, bulgarian, catalan, coptic, 
croatian, czech, danish, dutch, esperanto, estonian, farsi, finnish, french, ga
lician, german, german-x-2013-05-26, greek, gujarati, hindi, hungarian, iceland
ic, indonesian, interlingua, irish, italian, kannada, kurmanji, latin, latvian,
 lithuanian, malayalam, marathi, mongolian, mongolianlmc, monogreek, ngerman, n
german-x-2013-05-26, nynorsk, oriya, panjabi, pinyin, polish, portuguese, roman
ian, russian, sanskrit, serbian, slovak, slovenian, spanish, swedish, swissgerm
an, tamil, telugu, turkish, turkmen, ukenglish, ukrainian, uppersorbian, usengl
ishmax, welsh, loaded.
("C:\Program Files (x86)\MiKTeX 2.9\tex\latex\base\report.cls"
Document Class: report 2007/10/19 v1.4h Standard LaTeX document class
("C:\Program Files (x86)\MiKTeX 2.9\tex\latex\base\size10.clo"
File: size10.clo 2007/10/19 v1.4h Standard LaTeX file (size option)
)
\c@part=\count79
\c@chapter=\count80
\c@section=\count81
\c@subsection=\count82
\c@subsubsection=\count83
\c@paragraph=\count84
\c@subparagraph=\count85
\c@figure=\count86
\c@table=\count87
\abovecaptionskip=\skip41
\belowcaptionskip=\skip42
\bibindent=\dimen102
)
("C:\Program Files (x86)\MiKTeX 2.9\tex\latex\base\inputenc.sty"
Package: inputenc 2008/03/30 v1.1d Input encoding file
\inpenc@prehook=\toks14
\inpenc@posthook=\toks15

("C:\Program Files (x86)\MiKTeX 2.9\tex\latex\base\utf8.def"
File: utf8.def 2008/04/05 v1.1m UTF-8 support for inputenc
Now handling font encoding OML ...
... no UTF-8 mapping file for font encoding OML
Now handling font encoding T1 ...
... processing UTF-8 mapping file for font encoding T1

("C:\Program Files (x86)\MiKTeX 2.9\tex\latex\base\t1enc.dfu"
File: t1enc.dfu 2008/04/05 v1.1m UTF-8 support for inputenc
   defining Unicode char U+00A1 (decimal 161)
   defining Unicode char U+00A3 (decimal 163)
   defining Unicode char U+00AB (decimal 171)
   defining Unicode char U+00BB (decimal 187)
   defining Unicode char U+00BF (decimal 191)
   defining Unicode char U+00C0 (decimal 192)
   defining Unicode char U+00C1 (decimal 193)
   defining Unicode char U+00C2 (decimal 194)
   defining Unicode char U+00C3 (decimal 195)
   defining Unicode char U+00C4 (decimal 196)
   defining Unicode char U+00C5 (decimal 197)
   defining Unicode char U+00C6 (decimal 198)
   defining Unicode char U+00C7 (decimal 199)
   defining Unicode char U+00C8 (decimal 200)
   defining Unicode char U+00C9 (decimal 201)
   defining Unicode char U+00CA (decimal 202)
   defining Unicode char U+00CB (decimal 203)
   defining Unicode char U+00CC (decimal 204)
   defining Unicode char U+00CD (decimal 205)
   defining Unicode char U+00CE (decimal 206)
   defining Unicode char U+00CF (decimal 207)
   defining Unicode char U+00D0 (decimal 208)
   defining Unicode char U+00D1 (decimal 209)
   defining Unicode char U+00D2 (decimal 210)
   defining Unicode char U+00D3 (decimal 211)
   defining Unicode char U+00D4 (decimal 212)
   defining Unicode char U+00D5 (decimal 213)
   defining Unicode char U+00D6 (decimal 214)
   defining Unicode char U+00D8 (decimal 216)
   defining Unicode char U+00D9 (decimal 217)
   defining Unicode char U+00DA (decimal 218)
   defining Unicode char U+00DB (decimal 219)
   defining Unicode char U+00DC (decimal 220)
   defining Unicode char U+00DD (decimal 221)
   defining Unicode char U+00DE (decimal 222)
   defining Unicode char U+00DF (decimal 223)
   defining Unicode char U+00E0 (decimal 224)
   defining Unicode char U+00E1 (decimal 225)
   defining Unicode char U+00E2 (decimal 226)
   defining Unicode char U+00E3 (decimal 227)
   defining Unicode char U+00E4 (decimal 228)
   defining Unicode char U+00E5 (decimal 229)
   defining Unicode char U+00E6 (decimal 230)
   defining Unicode char U+00E7 (decimal 231)
   defining Unicode char U+00E8 (decimal 232)
   defining Unicode char U+00E9 (decimal 233)
   defining Unicode char U+00EA (decimal 234)
   defining Unicode char U+00EB (decimal 235)
   defining Unicode char U+00EC (decimal 236)
   defining Unicode char U+00ED (decimal 237)
   defining Unicode char U+00EE (decimal 238)
   defining Unicode char U+00EF (decimal 239)
   defining Unicode char U+00F0 (decimal 240)
   defining Unicode char U+00F1 (decimal 241)
   defining Unicode char U+00F2 (decimal 242)
   defining Unicode char U+00F3 (decimal 243)
   defining Unicode char U+00F4 (decimal 244)
   defining Unicode char U+00F5 (decimal 245)
   defining Unicode char U+00F6 (decimal 246)
   defining Unicode char U+00F8 (decimal 248)
   defining Unicode char U+00F9 (decimal 249)
   defining Unicode char U+00FA (decimal 250)
   defining Unicode char U+00FB (decimal 251)
   defining Unicode char U+00FC (decimal 252)
   defining Unicode char U+00FD (decimal 253)
   defining Unicode char U+00FE (decimal 254)
   defining Unicode char U+00FF (decimal 255)
   defining Unicode char U+0102 (decimal 258)
   defining Unicode char U+0103 (decimal 259)
   defining Unicode char U+0104 (decimal 260)
   defining Unicode char U+0105 (decimal 261)
   defining Unicode char U+0106 (decimal 262)
   defining Unicode char U+0107 (decimal 263)
   defining Unicode char U+010C (decimal 268)
   defining Unicode char U+010D (decimal 269)
   defining Unicode char U+010E (decimal 270)
   defining Unicode char U+010F (decimal 271)
   defining Unicode char U+0110 (decimal 272)
   defining Unicode char U+0111 (decimal 273)
   defining Unicode char U+0118 (decimal 280)
   defining Unicode char U+0119 (decimal 281)
   defining Unicode char U+011A (decimal 282)
   defining Unicode char U+011B (decimal 283)
   defining Unicode char U+011E (decimal 286)
   defining Unicode char U+011F (decimal 287)
   defining Unicode char U+0130 (decimal 304)
   defining Unicode char U+0131 (decimal 305)
   defining Unicode char U+0132 (decimal 306)
   defining Unicode char U+0133 (decimal 307)
   defining Unicode char U+0139 (decimal 313)
   defining Unicode char U+013A (decimal 314)
   defining Unicode char U+013D (decimal 317)
   defining Unicode char U+013E (decimal 318)
   defining Unicode char U+0141 (decimal 321)
   defining Unicode char U+0142 (decimal 322)
   defining Unicode char U+0143 (decimal 323)
   defining Unicode char U+0144 (decimal 324)
   defining Unicode char U+0147 (decimal 327)
   defining Unicode char U+0148 (decimal 328)
   defining Unicode char U+014A (decimal 330)
   defining Unicode char U+014B (decimal 331)
   defining Unicode char U+0150 (decimal 336)
   defining Unicode char U+0151 (decimal 337)
   defining Unicode char U+0152 (decimal 338)
   defining Unicode char U+0153 (decimal 339)
   defining Unicode char U+0154 (decimal 340)
   defining Unicode char U+0155 (decimal 341)
   defining Unicode char U+0158 (decimal 344)
   defining Unicode char U+0159 (decimal 345)
   defining Unicode char U+015A (decimal 346)
   defining Unicode char U+015B (decimal 347)
   defining Unicode char U+015E (decimal 350)
   defining Unicode char U+015F (decimal 351)
   defining Unicode char U+0160 (decimal 352)
   defining Unicode char U+0161 (decimal 353)
   defining Unicode char U+0162 (decimal 354)
   defining Unicode char U+0163 (decimal 355)
   defining Unicode char U+0164 (decimal 356)
   defining Unicode char U+0165 (decimal 357)
   defining Unicode char U+016E (decimal 366)
   defining Unicode char U+016F (decimal 367)
   defining Unicode char U+0170 (decimal 368)
   defining Unicode char U+0171 (decimal 369)
   defining Unicode char U+0178 (decimal 376)
   defining Unicode char U+0179 (decimal 377)
   defining Unicode char U+017A (decimal 378)
   defining Unicode char U+017B (decimal 379)
   defining Unicode char U+017C (decimal 380)
   defining Unicode char U+017D (decimal 381)
   defining Unicode char U+017E (decimal 382)
   defining Unicode char U+200C (decimal 8204)
   defining Unicode char U+2013 (decimal 8211)
   defining Unicode char U+2014 (decimal 8212)
   defining Unicode char U+2018 (decimal 8216)
   defining Unicode char U+2019 (decimal 8217)
   defining Unicode char U+201A (decimal 8218)
   defining Unicode char U+201C (decimal 8220)
   defining Unicode char U+201D (decimal 8221)
   defining Unicode char U+201E (decimal 8222)
   defining Unicode char U+2030 (decimal 8240)
   defining Unicode char U+2031 (decimal 8241)
   defining Unicode char U+2039 (decimal 8249)
   defining Unicode char U+203A (decimal 8250)
   defining Unicode char U+2423 (decimal 9251)
)
Now handling font encoding OT1 ...
... processing UTF-8 mapping file for font encoding OT1

("C:\Program Files (x86)\MiKTeX 2.9\tex\latex\base\ot1enc.dfu"
File: ot1enc.dfu 2008/04/05 v1.1m UTF-8 support for inputenc
   defining Unicode char U+00A1 (decimal 161)
   defining Unicode char U+00A3 (decimal 163)
   defining Unicode char U+00B8 (decimal 184)
   defining Unicode char U+00BF (decimal 191)
   defining Unicode char U+00C5 (decimal 197)
   defining Unicode char U+00C6 (decimal 198)
   defining Unicode char U+00D8 (decimal 216)
   defining Unicode char U+00DF (decimal 223)
   defining Unicode char U+00E6 (decimal 230)
   defining Unicode char U+00EC (decimal 236)
   defining Unicode char U+00ED (decimal 237)
   defining Unicode char U+00EE (decimal 238)
   defining Unicode char U+00EF (decimal 239)
   defining Unicode char U+00F8 (decimal 248)
   defining Unicode char U+0131 (decimal 305)
   defining Unicode char U+0141 (decimal 321)
   defining Unicode char U+0142 (decimal 322)
   defining Unicode char U+0152 (decimal 338)
   defining Unicode char U+0153 (decimal 339)
   defining Unicode char U+2013 (decimal 8211)
   defining Unicode char U+2014 (decimal 8212)
   defining Unicode char U+2018 (decimal 8216)
   defining Unicode char U+2019 (decimal 8217)
   defining Unicode char U+201C (decimal 8220)
   defining Unicode char U+201D (decimal 8221)
)
Now handling font encoding OMS ...
... processing UTF-8 mapping file for font encoding OMS

("C:\Program Files (x86)\MiKTeX 2.9\tex\latex\base\omsenc.dfu"
File: omsenc.dfu 2008/04/05 v1.1m UTF-8 support for inputenc
   defining Unicode char U+00A7 (decimal 167)
   defining Unicode char U+00B6 (decimal 182)
   defining Unicode char U+00B7 (decimal 183)
   defining Unicode char U+2020 (decimal 8224)
   defining Unicode char U+2021 (decimal 8225)
   defining Unicode char U+2022 (decimal 8226)
)
Now handling font encoding OMX ...
... no UTF-8 mapping file for font encoding OMX
Now handling font encoding U ...
... no UTF-8 mapping file for font encoding U
   defining Unicode char U+00A9 (decimal 169)
   defining Unicode char U+00AA (decimal 170)
   defining Unicode char U+00AE (decimal 174)
   defining Unicode char U+00BA (decimal 186)
   defining Unicode char U+02C6 (decimal 710)
   defining Unicode char U+02DC (decimal 732)
   defining Unicode char U+200C (decimal 8204)
   defining Unicode char U+2026 (decimal 8230)
   defining Unicode char U+2122 (decimal 8482)
   defining Unicode char U+2423 (decimal 9251)
))
("C:\Program Files (x86)\MiKTeX 2.9\tex\generic\babel\babel.sty"
Package: babel 2008/07/08 v3.8m The Babel package

*************************************
* Local config file bblopts.cfg used
*
("C:\Program Files (x86)\MiKTeX 2.9\tex\latex\00miktex\bblopts.cfg"
File: bblopts.cfg 2006/07/31 v1.0 MiKTeX 'babel' configuration
)
("C:\Program Files (x86)\MiKTeX 2.9\tex\generic\babel\russianb.ldf"
Language: russianb 2008/03/21 v1.1r Russian support from the babel system

("C:\Program Files (x86)\MiKTeX 2.9\tex\generic\babel\babel.def"
File: babel.def 2008/07/08 v3.8m Babel common definitions
\babel@savecnt=\count88
\U@D=\dimen103
)
("C:\Program Files (x86)\MiKTeX 2.9\tex\latex\cyrillic\t2aenc.def"
File: t2aenc.def 2005/09/27 v1.0i Cyrillic encoding definition file
Now handling font encoding T2A ...
... processing UTF-8 mapping file for font encoding T2A

("C:\Program Files (x86)\MiKTeX 2.9\tex\latex\base\t2aenc.dfu"
File: t2aenc.dfu 2008/04/05 v1.1m UTF-8 support for inputenc
   defining Unicode char U+00A4 (decimal 164)
   defining Unicode char U+00A7 (decimal 167)
   defining Unicode char U+00AB (decimal 171)
   defining Unicode char U+00BB (decimal 187)
   defining Unicode char U+0131 (decimal 305)
   defining Unicode char U+0400 (decimal 1024)
   defining Unicode char U+0401 (decimal 1025)
   defining Unicode char U+0402 (decimal 1026)
   defining Unicode char U+0403 (decimal 1027)
   defining Unicode char U+0404 (decimal 1028)
   defining Unicode char U+0405 (decimal 1029)
   defining Unicode char U+0406 (decimal 1030)
   defining Unicode char U+0407 (decimal 1031)
   defining Unicode char U+0408 (decimal 1032)
   defining Unicode char U+0409 (decimal 1033)
   defining Unicode char U+040A (decimal 1034)
   defining Unicode char U+040B (decimal 1035)
   defining Unicode char U+040C (decimal 1036)
   defining Unicode char U+040D (decimal 1037)
   defining Unicode char U+040E (decimal 1038)
   defining Unicode char U+040F (decimal 1039)
   defining Unicode char U+0410 (decimal 1040)
   defining Unicode char U+0411 (decimal 1041)
   defining Unicode char U+0412 (decimal 1042)
   defining Unicode char U+0413 (decimal 1043)
   defining Unicode char U+0414 (decimal 1044)
   defining Unicode char U+0415 (decimal 1045)
   defining Unicode char U+0416 (decimal 1046)
   defining Unicode char U+0417 (decimal 1047)
   defining Unicode char U+0418 (decimal 1048)
   defining Unicode char U+0419 (decimal 1049)
   defining Unicode char U+041A (decimal 1050)
   defining Unicode char U+041B (decimal 1051)
   defining Unicode char U+041C (decimal 1052)
   defining Unicode char U+041D (decimal 1053)
   defining Unicode char U+041E (decimal 1054)
   defining Unicode char U+041F (decimal 1055)
   defining Unicode char U+0420 (decimal 1056)
   defining Unicode char U+0421 (decimal 1057)
   defining Unicode char U+0422 (decimal 1058)
   defining Unicode char U+0423 (decimal 1059)
   defining Unicode char U+0424 (decimal 1060)
   defining Unicode char U+0425 (decimal 1061)
   defining Unicode char U+0426 (decimal 1062)
   defining Unicode char U+0427 (decimal 1063)
   defining Unicode char U+0428 (decimal 1064)
   defining Unicode char U+0429 (decimal 1065)
   defining Unicode char U+042A (decimal 1066)
   defining Unicode char U+042B (decimal 1067)
   defining Unicode char U+042C (decimal 1068)
   defining Unicode char U+042D (decimal 1069)
   defining Unicode char U+042E (decimal 1070)
   defining Unicode char U+042F (decimal 1071)
   defining Unicode char U+0430 (decimal 1072)
   defining Unicode char U+0431 (decimal 1073)
   defining Unicode char U+0432 (decimal 1074)
   defining Unicode char U+0433 (decimal 1075)
   defining Unicode char U+0434 (decimal 1076)
   defining Unicode char U+0435 (decimal 1077)
   defining Unicode char U+0436 (decimal 1078)
   defining Unicode char U+0437 (decimal 1079)
   defining Unicode char U+0438 (decimal 1080)
   defining Unicode char U+0439 (decimal 1081)
   defining Unicode char U+043A (decimal 1082)
   defining Unicode char U+043B (decimal 1083)
   defining Unicode char U+043C (decimal 1084)
   defining Unicode char U+043D (decimal 1085)
   defining Unicode char U+043E (decimal 1086)
   defining Unicode char U+043F (decimal 1087)
   defining Unicode char U+0440 (decimal 1088)
   defining Unicode char U+0441 (decimal 1089)
   defining Unicode char U+0442 (decimal 1090)
   defining Unicode char U+0443 (decimal 1091)
   defining Unicode char U+0444 (decimal 1092)
   defining Unicode char U+0445 (decimal 1093)
   defining Unicode char U+0446 (decimal 1094)
   defining Unicode char U+0447 (decimal 1095)
   defining Unicode char U+0448 (decimal 1096)
   defining Unicode char U+0449 (decimal 1097)
   defining Unicode char U+044A (decimal 1098)
   defining Unicode char U+044B (decimal 1099)
   defining Unicode char U+044C (decimal 1100)
   defining Unicode char U+044D (decimal 1101)
   defining Unicode char U+044E (decimal 1102)
   defining Unicode char U+044F (decimal 1103)
   defining Unicode char U+0450 (decimal 1104)
   defining Unicode char U+0451 (decimal 1105)
   defining Unicode char U+0452 (decimal 1106)
   defining Unicode char U+0453 (decimal 1107)
   defining Unicode char U+0454 (decimal 1108)
   defining Unicode char U+0455 (decimal 1109)
   defining Unicode char U+0456 (decimal 1110)
   defining Unicode char U+0457 (decimal 1111)
   defining Unicode char U+0458 (decimal 1112)
   defining Unicode char U+0459 (decimal 1113)
   defining Unicode char U+045A (decimal 1114)
   defining Unicode char U+045B (decimal 1115)
   defining Unicode char U+045C (decimal 1116)
   defining Unicode char U+045D (decimal 1117)
   defining Unicode char U+045E (decimal 1118)
   defining Unicode char U+045F (decimal 1119)
   defining Unicode char U+0490 (decimal 1168)
   defining Unicode char U+0491 (decimal 1169)
   defining Unicode char U+0492 (decimal 1170)
   defining Unicode char U+0493 (decimal 1171)
   defining Unicode char U+0496 (decimal 1174)
   defining Unicode char U+0497 (decimal 1175)
   defining Unicode char U+0498 (decimal 1176)
   defining Unicode char U+0499 (decimal 1177)
   defining Unicode char U+049A (decimal 1178)
   defining Unicode char U+049B (decimal 1179)
   defining Unicode char U+049C (decimal 1180)
   defining Unicode char U+049D (decimal 1181)
   defining Unicode char U+04A0 (decimal 1184)
   defining Unicode char U+04A1 (decimal 1185)
   defining Unicode char U+04A2 (decimal 1186)
   defining Unicode char U+04A3 (decimal 1187)
   defining Unicode char U+04A4 (decimal 1188)
   defining Unicode char U+04A5 (decimal 1189)
   defining Unicode char U+04AA (decimal 1194)
   defining Unicode char U+04AB (decimal 1195)
   defining Unicode char U+04AE (decimal 1198)
   defining Unicode char U+04AF (decimal 1199)
   defining Unicode char U+04B0 (decimal 1200)
   defining Unicode char U+04B1 (decimal 1201)
   defining Unicode char U+04B2 (decimal 1202)
   defining Unicode char U+04B3 (decimal 1203)
   defining Unicode char U+04B6 (decimal 1206)
   defining Unicode char U+04B7 (decimal 1207)
   defining Unicode char U+04B8 (decimal 1208)
   defining Unicode char U+04B9 (decimal 1209)
   defining Unicode char U+04BA (decimal 1210)
   defining Unicode char U+04BB (decimal 1211)
   defining Unicode char U+04C0 (decimal 1216)
   defining Unicode char U+04C1 (decimal 1217)
   defining Unicode char U+04C2 (decimal 1218)
   defining Unicode char U+04D0 (decimal 1232)
   defining Unicode char U+04D1 (decimal 1233)
   defining Unicode char U+04D2 (decimal 1234)
   defining Unicode char U+04D3 (decimal 1235)
   defining Unicode char U+04D4 (decimal 1236)
   defining Unicode char U+04D5 (decimal 1237)
   defining Unicode char U+04D6 (decimal 1238)
   defining Unicode char U+04D7 (decimal 1239)
   defining Unicode char U+04D8 (decimal 1240)
   defining Unicode char U+04D9 (decimal 1241)
   defining Unicode char U+04DA (decimal 1242)
   defining Unicode char U+04DB (decimal 1243)
   defining Unicode char U+04DC (decimal 1244)
   defining Unicode char U+04DD (decimal 1245)
   defining Unicode char U+04DE (decimal 1246)
   defining Unicode char U+04DF (decimal 1247)
   defining Unicode char U+04E2 (decimal 1250)
   defining Unicode char U+04E3 (decimal 1251)
   defining Unicode char U+04E4 (decimal 1252)
   defining Unicode char U+04E5 (decimal 1253)
   defining Unicode char U+04E6 (decimal 1254)
   defining Unicode char U+04E7 (decimal 1255)
   defining Unicode char U+04E8 (decimal 1256)
   defining Unicode char U+04E9 (decimal 1257)
   defining Unicode char U+04EC (decimal 1260)
   defining Unicode char U+04ED (decimal 1261)
   defining Unicode char U+04EE (decimal 1262)
   defining Unicode char U+04EF (decimal 1263)
   defining Unicode char U+04F0 (decimal 1264)
   defining Unicode char U+04F1 (decimal 1265)
   defining Unicode char U+04F2 (decimal 1266)
   defining Unicode char U+04F3 (decimal 1267)
   defining Unicode char U+04F4 (decimal 1268)
   defining Unicode char U+04F5 (decimal 1269)
   defining Unicode char U+04F8 (decimal 1272)
   defining Unicode char U+04F9 (decimal 1273)
   defining Unicode char U+200C (decimal 8204)
   defining Unicode char U+2013 (decimal 8211)
   defining Unicode char U+2014 (decimal 8212)
   defining Unicode char U+2018 (decimal 8216)
   defining Unicode char U+2019 (decimal 8217)
   defining Unicode char U+201C (decimal 8220)
   defining Unicode char U+201D (decimal 8221)
   defining Unicode char U+201E (decimal 8222)
   defining Unicode char U+2030 (decimal 8240)
   defining Unicode char U+2031 (decimal 8241)
   defining Unicode char U+2116 (decimal 8470)
   defining Unicode char U+2329 (decimal 9001)
   defining Unicode char U+232A (decimal 9002)
   defining Unicode char U+2423 (decimal 9251)
))
Package babel Info: Making " an active character on input line 199.
))
("C:\Program Files (x86)\MiKTeX 2.9\tex\latex\base\fontenc.sty"
Package: fontenc 2005/09/27 v1.99g Standard LaTeX package

("C:\Program Files (x86)\MiKTeX 2.9\tex\latex\base\ot1enc.def"
File: ot1enc.def 2005/09/27 v1.99g Standard LaTeX file
LaTeX Font Info:    Redeclaring font encoding OT1 on input line 43.
))
("C:\Program Files (x86)\MiKTeX 2.9\tex\latex\amsmath\amsmath.sty"
Package: amsmath 2013/01/14 v2.14 AMS math features
\@mathmargin=\skip43

For additional information on amsmath, use the `?' option.
("C:\Program Files (x86)\MiKTeX 2.9\tex\latex\amsmath\amstext.sty"
Package: amstext 2000/06/29 v2.01

("C:\Program Files (x86)\MiKTeX 2.9\tex\latex\amsmath\amsgen.sty"
File: amsgen.sty 1999/11/30 v2.0
\@emptytoks=\toks16
\ex@=\dimen104
))
("C:\Program Files (x86)\MiKTeX 2.9\tex\latex\amsmath\amsbsy.sty"
Package: amsbsy 1999/11/29 v1.2d
\pmbraise@=\dimen105
)
("C:\Program Files (x86)\MiKTeX 2.9\tex\latex\amsmath\amsopn.sty"
Package: amsopn 1999/12/14 v2.01 operator names
)
\inf@bad=\count89
LaTeX Info: Redefining \frac on input line 210.
\uproot@=\count90
\leftroot@=\count91
LaTeX Info: Redefining \overline on input line 306.
\classnum@=\count92
\DOTSCASE@=\count93
LaTeX Info: Redefining \ldots on input line 378.
LaTeX Info: Redefining \dots on input line 381.
LaTeX Info: Redefining \cdots on input line 466.
\Mathstrutbox@=\box26
\strutbox@=\box27
\big@size=\dimen106
LaTeX Font Info:    Redeclaring font encoding OML on input line 566.
LaTeX Font Info:    Redeclaring font encoding OMS on input line 567.
\macc@depth=\count94
\c@MaxMatrixCols=\count95
\dotsspace@=\muskip10
\c@parentequation=\count96
\dspbrk@lvl=\count97
\tag@help=\toks17
\row@=\count98
\column@=\count99
\maxfields@=\count100
\andhelp@=\toks18
\eqnshift@=\dimen107
\alignsep@=\dimen108
\tagshift@=\dimen109
\tagwidth@=\dimen110
\totwidth@=\dimen111
\lineht@=\dimen112
\@envbody=\toks19
\multlinegap=\skip44
\multlinetaggap=\skip45
\mathdisplay@stack=\toks20
LaTeX Info: Redefining \[ on input line 2665.
LaTeX Info: Redefining \] on input line 2666.
)
("C:\Program Files (x86)\MiKTeX 2.9\tex\latex\amsfonts\amsfonts.sty"
Package: amsfonts 2013/01/14 v3.01 Basic AMSFonts support
\symAMSa=\mathgroup4
\symAMSb=\mathgroup5
LaTeX Font Info:    Overwriting math alphabet `\mathfrak' in version `bold'
(Font)                  U/euf/m/n --> U/euf/b/n on input line 106.
)
("C:\Program Files (x86)\MiKTeX 2.9\tex\latex\amsfonts\amssymb.sty"
Package: amssymb 2013/01/14 v3.01 AMS font symbols
)
("C:\Program Files (x86)\MiKTeX 2.9\tex\latex\graphics\graphicx.sty"
Package: graphicx 1999/02/16 v1.0f Enhanced LaTeX Graphics (DPC,SPQR)

("C:\Program Files (x86)\MiKTeX 2.9\tex\latex\graphics\keyval.sty"
Package: keyval 1999/03/16 v1.13 key=value parser (DPC)
\KV@toks@=\toks21
)
("C:\Program Files (x86)\MiKTeX 2.9\tex\latex\graphics\graphics.sty"
Package: graphics 2009/02/05 v1.0o Standard LaTeX Graphics (DPC,SPQR)

("C:\Program Files (x86)\MiKTeX 2.9\tex\latex\graphics\trig.sty"
Package: trig 1999/03/16 v1.09 sin cos tan (DPC)
)
("C:\Program Files (x86)\MiKTeX 2.9\tex\latex\00miktex\graphics.cfg"
File: graphics.cfg 2007/01/18 v1.5 graphics configuration of teTeX/TeXLive
)
Package graphics Info: Driver file: pdftex.def on input line 91.

("C:\Program Files (x86)\MiKTeX 2.9\tex\latex\pdftex-def\pdftex.def"
File: pdftex.def 2011/05/27 v0.06d Graphics/color for pdfTeX

("C:\Program Files (x86)\MiKTeX 2.9\tex\generic\oberdiek\infwarerr.sty"
Package: infwarerr 2010/04/08 v1.3 Providing info/warning/error messages (HO)
)
("C:\Program Files (x86)\MiKTeX 2.9\tex\generic\oberdiek\ltxcmds.sty"
Package: ltxcmds 2011/11/09 v1.22 LaTeX kernel commands for general use (HO)
)
\Gread@gobject=\count101
))
\Gin@req@height=\dimen113
\Gin@req@width=\dimen114
)
("C:\Users\РђРЅС‚РѕРЅ\Desktop\lab4 kent kiselev\lab4 kent kiselev\lab4 kent kis
elev1.aux"
LaTeX Font Info:    Try loading font information for T2A+cmr on input line 3.
 ("C:\Program Files (x86)\MiKTeX 2.9\tex\latex\cyrillic\t2acmr.fd"
File: t2acmr.fd 2001/08/11 v1.0a Computer Modern Cyrillic font definitions
))
LaTeX Font Info:    Checking defaults for OML/cmm/m/it on input line 13.
LaTeX Font Info:    ... okay on input line 13.
LaTeX Font Info:    Checking defaults for T1/cmr/m/n on input line 13.
LaTeX Font Info:    ... okay on input line 13.
LaTeX Font Info:    Checking defaults for OT1/cmr/m/n on input line 13.
LaTeX Font Info:    ... okay on input line 13.
LaTeX Font Info:    Checking defaults for OMS/cmsy/m/n on input line 13.
LaTeX Font Info:    ... okay on input line 13.
LaTeX Font Info:    Checking defaults for OMX/cmex/m/n on input line 13.
LaTeX Font Info:    ... okay on input line 13.
LaTeX Font Info:    Checking defaults for U/cmr/m/n on input line 13.
LaTeX Font Info:    ... okay on input line 13.
LaTeX Font Info:    Checking defaults for T2A/cmr/m/n on input line 13.
LaTeX Font Info:    ... okay on input line 13.

("C:\Program Files (x86)\MiKTeX 2.9\tex\context\base\supp-pdf.mkii"
[Loading MPS to PDF converter (version 2006.09.02).]
\scratchcounter=\count102
\scratchdimen=\dimen115
\scratchbox=\box28
\nofMPsegments=\count103
\nofMParguments=\count104
\everyMPshowfont=\toks22
\MPscratchCnt=\count105
\MPscratchDim=\dimen116
\MPnumerator=\count106
\makeMPintoPDFobject=\count107
\everyMPtoPDFconversion=\toks23
)
LaTeX Font Info:    Try loading font information for U+msa on input line 14.
 ("C:\Program Files (x86)\MiKTeX 2.9\tex\latex\amsfonts\umsa.fd"
File: umsa.fd 2013/01/14 v3.01 AMS symbols A
)
LaTeX Font Info:    Try loading font information for U+msb on input line 14.

("C:\Program Files (x86)\MiKTeX 2.9\tex\latex\amsfonts\umsb.fd"
File: umsb.fd 2013/01/14 v3.01 AMS symbols B
) [1

{C:/ProgramData/MiKTeX/2.9/pdftex/config/pdftex.map}]
{\Russian \CYRG \cyrl \cyra \cyrv \cyra } 1.
LaTeX Font Info:    Try loading font information for OMS+cmr on input line 38.
("C:\Program Files (x86)\MiKTeX 2.9\tex\latex\base\omscmr.fd"
File: omscmr.fd 1999/05/25 v2.5h Standard LaTeX font definitions
)
LaTeX Font Info:    Font shape `OMS/cmr/m/n' in size <10> not available
(Font)              Font shape `OMS/cmsy/m/n' tried instead on input line 38.
 [1

]
Underfull \hbox (badness 10000) in paragraph at lines 48--76

 []

[2] [3] <1.png, id=30, 372.64218pt x 300.3722pt>
File: 1.png Graphic file (type png)
 <use 1.png>
Package pdftex.def Info: 1.png used on input line 80.
(pdftex.def)             Requested size: 372.64127pt x 300.37144pt.

<2.png, id=32, 364.36125pt x 297.36093pt>
File: 2.png Graphic file (type png)
 <use 2.png>
Package pdftex.def Info: 2.png used on input line 84.
(pdftex.def)             Requested size: 364.36035pt x 297.3602pt.


LaTeX Warning: Float too large for page by 8.95482pt on input line 87.

<3.png, id=33, 380.92313pt x 295.1025pt>
File: 3.png Graphic file (type png)
 <use 3.png>
Package pdftex.def Info: 3.png used on input line 90.
(pdftex.def)             Requested size: 380.92218pt x 295.10176pt.

<4.png, id=34, 360.59718pt x 285.31593pt>
File: 4.png Graphic file (type png)
 <use 4.png>
Package pdftex.def Info: 4.png used on input line 94.
(pdftex.def)             Requested size: 360.5963pt x 285.31523pt.
 [4 <C:/Users/РђРЅС‚РѕРЅ/Desktop/lab4 kent kiselev/lab4 kent kiselev/1.png> <C:
/Users/РђРЅС‚РѕРЅ/Desktop/lab4 kent kiselev/lab4 kent kiselev/2.png>] [5 <C:/Us
ers/РђРЅС‚РѕРЅ/Desktop/lab4 kent kiselev/lab4 kent kiselev/3.png> <C:/Users/РђР
ЅС‚РѕРЅ/Desktop/lab4 kent kiselev/lab4 kent kiselev/4.png>]
Underfull \hbox (badness 10000) in paragraph at lines 100--105

 []

[6

]
{\Russian \CYRG \cyrl \cyra \cyrv \cyra } 2.

Underfull \hbox (badness 10000) in paragraph at lines 140--179

 []

[7

] [8] <5.png, id=55, 483.30562pt x 327.47343pt>
File: 5.png Graphic file (type png)
 <use 5.png>
Package pdftex.def Info: 5.png used on input line 183.
(pdftex.def)             Requested size: 483.30444pt x 327.47264pt.

Overfull \hbox (89.97104pt too wide) in paragraph at lines 183--185
 []  
 []

<6.png, id=56, 481.04718pt x 363.60844pt>
File: 6.png Graphic file (type png)
 <use 6.png>
Package pdftex.def Info: 6.png used on input line 189.
(pdftex.def)             Requested size: 481.046pt x 363.60754pt.

<7.png, id=57, 483.30562pt x 359.09157pt>
File: 7.png Graphic file (type png)
 <use 7.png>
Package pdftex.def Info: 7.png used on input line 195.
(pdftex.def)             Requested size: 483.30444pt x 359.09068pt.

<8.png, id=58, 472.01344pt x 202.50656pt>
File: 8.png Graphic file (type png)
 <use 8.png>
Package pdftex.def Info: 8.png used on input line 201.
(pdftex.def)             Requested size: 472.01228pt x 202.50604pt.

<9.png, id=59, 478.78876pt x 275.52937pt>
File: 9.png Graphic file (type png)
 <use 9.png>
Package pdftex.def Info: 9.png used on input line 207.
(pdftex.def)             Requested size: 478.78758pt x 275.52869pt.

<10.png, id=60, 469.755pt x 185.94469pt>
File: 10.png Graphic file (type png)
 <use 10.png>
Package pdftex.def Info: 10.png used on input line 213.
(pdftex.def)             Requested size: 469.75386pt x 185.94421pt.

<11.png, id=61, 453.94594pt x 325.215pt>
File: 11.png Graphic file (type png)
 <use 11.png>
Package pdftex.def Info: 11.png used on input line 221.
(pdftex.def)             Requested size: 453.94482pt x 325.2142pt.

<12.png, id=62, 424.58624pt x 338.76563pt>
File: 12.png Graphic file (type png)
 <use 12.png>
Package pdftex.def Info: 12.png used on input line 228.
(pdftex.def)             Requested size: 424.5852pt x 338.76479pt.

<13.png, id=63, 435.87843pt x 334.24875pt>
File: 13.png Graphic file (type png)
 <use 13.png>
Package pdftex.def Info: 13.png used on input line 234.
(pdftex.def)             Requested size: 435.87737pt x 334.24792pt.

<14.png, id=64, 429.10312pt x 334.24875pt>
File: 14.png Graphic file (type png)
 <use 14.png>
Package pdftex.def Info: 14.png used on input line 241.
(pdftex.def)             Requested size: 429.10207pt x 334.24792pt.

<15.png, id=65, 420.06938pt x 334.24875pt>
File: 15.png Graphic file (type png)
 <use 15.png>
Package pdftex.def Info: 15.png used on input line 248.
(pdftex.def)             Requested size: 420.06836pt x 334.24792pt.

<16.png, id=66, 426.84468pt x 311.66437pt>
File: 16.png Graphic file (type png)
 <use 16.png>
Package pdftex.def Info: 16.png used on input line 255.
(pdftex.def)             Requested size: 426.84364pt x 311.6636pt.
 [9 <C:/Users/РђРЅС‚РѕРЅ/Desktop/lab4 kent kiselev/lab4 kent kiselev/5.png>] [1
0 <C:/Users/РђРЅС‚РѕРЅ/Desktop/lab4 kent kiselev/lab4 kent kiselev/6.png> <C:/U
sers/РђРЅС‚РѕРЅ/Desktop/lab4 kent kiselev/lab4 kent kiselev/7.png>] [11 <C:/Use
rs/РђРЅС‚РѕРЅ/Desktop/lab4 kent kiselev/lab4 kent kiselev/8.png> <C:/Users/РђРЅ
С‚РѕРЅ/Desktop/lab4 kent kiselev/lab4 kent kiselev/9.png> <C:/Users/РђРЅС‚РѕРЅ/
Desktop/lab4 kent kiselev/lab4 kent kiselev/10.png>] [12 <C:/Users/РђРЅС‚РѕРЅ/D
esktop/lab4 kent kiselev/lab4 kent kiselev/11.png> <C:/Users/РђРЅС‚РѕРЅ/Desktop
/lab4 kent kiselev/lab4 kent kiselev/12.png>] [13 <C:/Users/РђРЅС‚РѕРЅ/Desktop/
lab4 kent kiselev/lab4 kent kiselev/13.png> <C:/Users/РђРЅС‚РѕРЅ/Desktop/lab4 k
ent kiselev/lab4 kent kiselev/14.png>] [14 <C:/Users/РђРЅС‚РѕРЅ/Desktop/lab4 ke
nt kiselev/lab4 kent kiselev/15.png> <C:/Users/РђРЅС‚РѕРЅ/Desktop/lab4 kent kis
elev/lab4 kent kiselev/16.png>] [15


]
{\Russian \CYRG \cyrl \cyra \cyrv \cyra } 3.

Underfull \hbox (badness 10000) in paragraph at lines 286--287

 []

[16

]
Underfull \hbox (badness 10000) in paragraph at lines 288--332

 []

<6_1.png, id=92, 391.4625pt x 305.64188pt>
File: 6_1.png Graphic file (type png)
 <use 6_1.png>
Package pdftex.def Info: 6_1.png used on input line 336.
(pdftex.def)             Requested size: 391.46153pt x 305.64111pt.

<6_2.png, id=93, 377.91188pt x 301.8778pt>
File: 6_2.png Graphic file (type png)
 <use 6_2.png>
Package pdftex.def Info: 6_2.png used on input line 342.
(pdftex.def)             Requested size: 377.91095pt x 301.87706pt.

<6_3.png, id=94, 371.13657pt x 298.86656pt>
File: 6_3.png Graphic file (type png)
 <use 6_3.png>
Package pdftex.def Info: 6_3.png used on input line 348.
(pdftex.def)             Requested size: 371.13565pt x 298.86581pt.

<6_4.png, id=95, 378.66469pt x 299.61937pt>
File: 6_4.png Graphic file (type png)
 <use 6_4.png>
Package pdftex.def Info: 6_4.png used on input line 354.
(pdftex.def)             Requested size: 378.66376pt x 299.61864pt.

<6_5.png, id=96, 389.20406pt x 298.86656pt>
File: 6_5.png Graphic file (type png)
 <use 6_5.png>
Package pdftex.def Info: 6_5.png used on input line 360.
(pdftex.def)             Requested size: 389.20311pt x 298.86581pt.

<6_6.png, id=97, 386.19281pt x 298.86656pt>
File: 6_6.png Graphic file (type png)
 <use 6_6.png>
Package pdftex.def Info: 6_6.png used on input line 366.
(pdftex.def)             Requested size: 386.19185pt x 298.86581pt.
 [17] [18 <C:/Users/РђРЅС‚РѕРЅ/Desktop/lab4 kent kiselev/lab4 kent kiselev/6_1.
png> <C:/Users/РђРЅС‚РѕРЅ/Desktop/lab4 kent kiselev/lab4 kent kiselev/6_2.png>]
 [19 <C:/Users/РђРЅС‚РѕРЅ/Desktop/lab4 kent kiselev/lab4 kent kiselev/6_3.png> 
<C:/Users/РђРЅС‚РѕРЅ/Desktop/lab4 kent kiselev/lab4 kent kiselev/6_4.png>] [20 
<C:/Users/РђРЅС‚РѕРЅ/Desktop/lab4 kent kiselev/lab4 kent kiselev/6_5.png> <C:/U
sers/РђРЅС‚РѕРЅ/Desktop/lab4 kent kiselev/lab4 kent kiselev/6_6.png>] [21

]
{\Russian \CYRG \cyrl \cyra \cyrv \cyra } 4.

Underfull \hbox (badness 10000) in paragraph at lines 408--412

 []

[22

]
Underfull \hbox (badness 10000) in paragraph at lines 413--418

 []


Underfull \hbox (badness 10000) in paragraph at lines 419--427

 []


Underfull \hbox (badness 10000) in paragraph at lines 428--435

 []


Underfull \hbox (badness 10000) in paragraph at lines 436--443

 []


Underfull \hbox (badness 10000) in paragraph at lines 444--451

 []


Underfull \hbox (badness 10000) in paragraph at lines 452--467

 []


Underfull \hbox (badness 10000) in paragraph at lines 452--467

 []

[23]
Underfull \hbox (badness 10000) in paragraph at lines 468--475

 []


Underfull \hbox (badness 10000) in paragraph at lines 476--482

 []


Underfull \hbox (badness 10000) in paragraph at lines 483--490

 []

[24] <7_1.jpg, id=127, 563.10374pt x 421.575pt>
File: 7_1.jpg Graphic file (type jpg)
 <use 7_1.jpg>
Package pdftex.def Info: 7_1.jpg used on input line 498.
(pdftex.def)             Requested size: 563.10237pt x 421.57396pt.

<7_2.jpg, id=128, 563.10374pt x 421.575pt>
File: 7_2.jpg Graphic file (type jpg)
 <use 7_2.jpg>
Package pdftex.def Info: 7_2.jpg used on input line 504.
(pdftex.def)             Requested size: 563.10237pt x 421.57396pt.

<7_3.jpg, id=129, 563.10374pt x 421.575pt>
File: 7_3.jpg Graphic file (type jpg)
 <use 7_3.jpg>
Package pdftex.def Info: 7_3.jpg used on input line 510.
(pdftex.def)             Requested size: 563.10237pt x 421.57396pt.

<7_4.jpg, id=130, 563.10374pt x 421.575pt>
File: 7_4.jpg Graphic file (type jpg)
 <use 7_4.jpg>
Package pdftex.def Info: 7_4.jpg used on input line 516.
(pdftex.def)             Requested size: 563.10237pt x 421.57396pt.

<7_5.jpg, id=131, 563.10374pt x 421.575pt>
File: 7_5.jpg Graphic file (type jpg)
 <use 7_5.jpg>
Package pdftex.def Info: 7_5.jpg used on input line 522.
(pdftex.def)             Requested size: 563.10237pt x 421.57396pt.

<7_6.jpg, id=132, 563.10374pt x 421.575pt>
File: 7_6.jpg Graphic file (type jpg)
 <use 7_6.jpg>
Package pdftex.def Info: 7_6.jpg used on input line 528.
(pdftex.def)             Requested size: 563.10237pt x 421.57396pt.

<7_7.jpg, id=133, 563.10374pt x 421.575pt>
File: 7_7.jpg Graphic file (type jpg)
 <use 7_7.jpg>
Package pdftex.def Info: 7_7.jpg used on input line 534.
(pdftex.def)             Requested size: 563.10237pt x 421.57396pt.

<7_8.jpg, id=134, 563.10374pt x 421.575pt>
File: 7_8.jpg Graphic file (type jpg)
 <use 7_8.jpg>
Package pdftex.def Info: 7_8.jpg used on input line 540.
(pdftex.def)             Requested size: 563.10237pt x 421.57396pt.

<7_9.jpg, id=135, 563.10374pt x 421.575pt>
File: 7_9.jpg Graphic file (type jpg)
 <use 7_9.jpg>
Package pdftex.def Info: 7_9.jpg used on input line 546.
(pdftex.def)             Requested size: 563.10237pt x 421.57396pt.

<7_10.jpg, id=136, 563.10374pt x 421.575pt>
File: 7_10.jpg Graphic file (type jpg)
 <use 7_10.jpg>
Package pdftex.def Info: 7_10.jpg used on input line 552.
(pdftex.def)             Requested size: 563.10237pt x 421.57396pt.

<7_11.png, id=137, 566.86781pt x 350.81062pt>
File: 7_11.png Graphic file (type png)
 <use 7_11.png>
Package pdftex.def Info: 7_11.png used on input line 558.
(pdftex.def)             Requested size: 566.86642pt x 350.80975pt.

<7_12.png, id=138, 676.77844pt x 381.67593pt>
File: 7_12.png Graphic file (type png)
 <use 7_12.png>
Package pdftex.def Info: 7_12.png used on input line 564.
(pdftex.def)             Requested size: 676.7768pt x 381.675pt.

Overfull \hbox (61.0702pt too wide) in paragraph at lines 564--566
 []  
 []

<7_13.png, id=139, 702.37407pt x 328.97906pt>
File: 7_13.png Graphic file (type png)
 <use 7_13.png>
Package pdftex.def Info: 7_13.png used on input line 570.
(pdftex.def)             Requested size: 702.37236pt x 328.97826pt.

Overfull \hbox (76.42769pt too wide) in paragraph at lines 570--572
 []  
 []

<7_14.png, id=140, 422.32782pt x 311.66437pt>
File: 7_14.png Graphic file (type png)
 <use 7_14.png>
Package pdftex.def Info: 7_14.png used on input line 576.
(pdftex.def)             Requested size: 422.32678pt x 311.6636pt.

<7_15.png, id=141, 422.32782pt x 311.66437pt>
File: 7_15.png Graphic file (type png)
 <use 7_15.png>
Package pdftex.def Info: 7_15.png used on input line 582.
(pdftex.def)             Requested size: 422.32678pt x 311.6636pt.
 [25 <C:/Users/РђРЅС‚РѕРЅ/Desktop/lab4 kent kiselev/lab4 kent kiselev/7_1.jpg> 
<C:/Users/РђРЅС‚РѕРЅ/Desktop/lab4 kent kiselev/lab4 kent kiselev/7_2.jpg>] [26 
<C:/Users/РђРЅС‚РѕРЅ/Desktop/lab4 kent kiselev/lab4 kent kiselev/7_3.jpg> <C:/U
sers/РђРЅС‚РѕРЅ/Desktop/lab4 kent kiselev/lab4 kent kiselev/7_4.jpg>] [27 <C:/U
sers/РђРЅС‚РѕРЅ/Desktop/lab4 kent kiselev/lab4 kent kiselev/7_5.jpg> <C:/Users/
РђРЅС‚РѕРЅ/Desktop/lab4 kent kiselev/lab4 kent kiselev/7_6.jpg>] [28 <C:/Users/
РђРЅС‚РѕРЅ/Desktop/lab4 kent kiselev/lab4 kent kiselev/7_7.jpg> <C:/Users/РђРЅС
‚РѕРЅ/Desktop/lab4 kent kiselev/lab4 kent kiselev/7_8.jpg>] [29 <C:/Users/РђРЅС
‚РѕРЅ/Desktop/lab4 kent kiselev/lab4 kent kiselev/7_9.jpg> <C:/Users/РђРЅС‚РѕРЅ
/Desktop/lab4 kent kiselev/lab4 kent kiselev/7_10.jpg>] [30 <C:/Users/РђРЅС‚РѕР
Ѕ/Desktop/lab4 kent kiselev/lab4 kent kiselev/7_11.png> <C:/Users/РђРЅС‚РѕРЅ/De
sktop/lab4 kent kiselev/lab4 kent kiselev/7_12.png>] [31 <C:/Users/РђРЅС‚РѕРЅ/D
esktop/lab4 kent kiselev/lab4 kent kiselev/7_13.png> <C:/Users/РђРЅС‚РѕРЅ/Deskt
op/lab4 kent kiselev/lab4 kent kiselev/7_14.png (PNG copy)>] [32 <C:/Users/РђРЅ
С‚РѕРЅ/Desktop/lab4 kent kiselev/lab4 kent kiselev/7_15.png (PNG copy)>] [33


]
{\Russian \CYRG \cyrl \cyra \cyrv \cyra } 5.

Overfull \hbox (4.12442pt too wide) in paragraph at lines 612--614
[]\T2A/cmr/m/n/10 Выполнитьфазовую мо-ду-ля-цию/демодуляцию сиг-на-ла по за-ко-
ну $\OML/cmm/m/it/10 u\OT1/cmr/m/n/10 (\OML/cmm/m/it/10 t\OT1/cmr/m/n/10 ) =$
 []

LaTeX Font Info:    Try loading font information for T2A+cmtt on input line 631
.
("C:\Program Files (x86)\MiKTeX 2.9\tex\latex\cyrillic\t2acmtt.fd"
File: t2acmtt.fd 2001/08/11 v1.0a Computer Modern Cyrillic font definitions
) [34

]
<8_1.png, id=173, 422.32782pt x 316.18124pt>
File: 8_1.png Graphic file (type png)
 <use 8_1.png>
Package pdftex.def Info: 8_1.png used on input line 670.
(pdftex.def)             Requested size: 422.32678pt x 316.18047pt.

<8_2.png, id=174, 422.32782pt x 316.18124pt>
File: 8_2.png Graphic file (type png)
 <use 8_2.png>
Package pdftex.def Info: 8_2.png used on input line 676.
(pdftex.def)             Requested size: 422.32678pt x 316.18047pt.

<8_3.png, id=175, 422.32782pt x 316.18124pt>
File: 8_3.png Graphic file (type png)
 <use 8_3.png>
Package pdftex.def Info: 8_3.png used on input line 682.
(pdftex.def)             Requested size: 422.32678pt x 316.18047pt.

<8_4.png, id=176, 422.32782pt x 316.18124pt>
File: 8_4.png Graphic file (type png)
 <use 8_4.png>
Package pdftex.def Info: 8_4.png used on input line 688.
(pdftex.def)             Requested size: 422.32678pt x 316.18047pt.

<8_5.png, id=177, 422.32782pt x 316.18124pt>
File: 8_5.png Graphic file (type png)
 <use 8_5.png>
Package pdftex.def Info: 8_5.png used on input line 694.
(pdftex.def)             Requested size: 422.32678pt x 316.18047pt.

<8_6.png, id=178, 422.32782pt x 316.18124pt>
File: 8_6.png Graphic file (type png)
 <use 8_6.png>
Package pdftex.def Info: 8_6.png used on input line 700.
(pdftex.def)             Requested size: 422.32678pt x 316.18047pt.

<8_8.png, id=179, 1204.5pt x 677.53125pt>
File: 8_8.png Graphic file (type png)
 <use 8_8.png>
Package pdftex.def Info: 8_8.png used on input line 707.
(pdftex.def)             Requested size: 1084.04001pt x 609.77249pt.

Overfull \hbox (81.79443pt too wide) in paragraph at lines 707--709
 []  
 []

<8_9.png, id=180, 1190.94937pt x 563.10374pt>
File: 8_9.png Graphic file (type png)
 <use 8_9.png>
Package pdftex.def Info: 8_9.png used on input line 713.
(pdftex.def)             Requested size: 1071.84454pt x 506.7887pt.

Overfull \hbox (81.78502pt too wide) in paragraph at lines 713--715
 []  
 []

<8_10.png, id=181, 1192.455pt x 531.48563pt>
File: 8_10.png Graphic file (type png)
 <use 8_10.png>
Package pdftex.def Info: 8_10.png used on input line 719.
(pdftex.def)             Requested size: 1073.1996pt x 478.33264pt.

Overfull \hbox (81.78416pt too wide) in paragraph at lines 719--721
 []  
 []

<8_11.png, id=182, 1190.94937pt x 566.115pt>
File: 8_11.png Graphic file (type png)
 <use 8_11.png>
Package pdftex.def Info: 8_11.png used on input line 726.
(pdftex.def)             Requested size: 1071.84454pt x 509.4988pt.

Overfull \hbox (81.78502pt too wide) in paragraph at lines 726--728
 []  
 []

<8_12.png, id=183, 1179.65718pt x 557.08125pt>
File: 8_12.png Graphic file (type png)
 <use 8_12.png>
Package pdftex.def Info: 8_12.png used on input line 732.
(pdftex.def)             Requested size: 825.7544pt x 389.95422pt.

Overfull \hbox (81.7876pt too wide) in paragraph at lines 732--734
 []  
 []

<8_13.png, id=184, 401.24907pt x 298.86656pt>
File: 8_13.png Graphic file (type png)
 <use 8_13.png>
Package pdftex.def Info: 8_13.png used on input line 738.
(pdftex.def)             Requested size: 280.87242pt x 209.20515pt.

Overfull \hbox (81.833pt too wide) in paragraph at lines 738--740
 []  
 []

[35] [36 <C:/Users/РђРЅС‚РѕРЅ/Desktop/lab4 kent kiselev/lab4 kent kiselev/8_1.p
ng (PNG copy)> <C:/Users/РђРЅС‚РѕРЅ/Desktop/lab4 kent kiselev/lab4 kent kiselev
/8_2.png (PNG copy)>] [37 <C:/Users/РђРЅС‚РѕРЅ/Desktop/lab4 kent kiselev/lab4 k
ent kiselev/8_3.png (PNG copy)> <C:/Users/РђРЅС‚РѕРЅ/Desktop/lab4 kent kiselev/
lab4 kent kiselev/8_4.png (PNG copy)>] [38 <C:/Users/РђРЅС‚РѕРЅ/Desktop/lab4 ke
nt kiselev/lab4 kent kiselev/8_5.png (PNG copy)> <C:/Users/РђРЅС‚РѕРЅ/Desktop/l
ab4 kent kiselev/lab4 kent kiselev/8_6.png (PNG copy)>] [39 <C:/Users/РђРЅС‚РѕР
Ѕ/Desktop/lab4 kent kiselev/lab4 kent kiselev/8_8.png> <C:/Users/РђРЅС‚РѕРЅ/Des
ktop/lab4 kent kiselev/lab4 kent kiselev/8_9.png>] [40 <C:/Users/РђРЅС‚РѕРЅ/Des
ktop/lab4 kent kiselev/lab4 kent kiselev/8_10.png> <C:/Users/РђРЅС‚РѕРЅ/Desktop
/lab4 kent kiselev/lab4 kent kiselev/8_11.png>] [41 <C:/Users/РђРЅС‚РѕРЅ/Deskto
p/lab4 kent kiselev/lab4 kent kiselev/8_12.png> <C:/Users/РђРЅС‚РѕРЅ/Desktop/la
b4 kent kiselev/lab4 kent kiselev/8_13.png>] [42

]
{\Russian \CYRG \cyrl \cyra \cyrv \cyra } 6.

Overfull \hbox (3.52711pt too wide) in paragraph at lines 771--773
\T2A/cmr/m/n/10 Сущность циф-ро-вой мо-ду-ля-ции за-клю-ча-ет-ся в том, что пе-
ре-да-ва-е-мый непре-
 []

[43

] [44] [45] [46] <9_1.png, id=224, 316.93407pt x 316.18124pt>
File: 9_1.png Graphic file (type png)
 <use 9_1.png>
Package pdftex.def Info: 9_1.png used on input line 857.
(pdftex.def)             Requested size: 316.93329pt x 316.18047pt.

<9_2.png, id=225, 316.93407pt x 316.18124pt>
File: 9_2.png Graphic file (type png)
 <use 9_2.png>
Package pdftex.def Info: 9_2.png used on input line 863.
(pdftex.def)             Requested size: 316.93329pt x 316.18047pt.

<9_3.png, id=226, 316.93407pt x 316.18124pt>
File: 9_3.png Graphic file (type png)
 <use 9_3.png>
Package pdftex.def Info: 9_3.png used on input line 869.
(pdftex.def)             Requested size: 316.93329pt x 316.18047pt.

<9_4.png, id=227, 316.93407pt x 316.18124pt>
File: 9_4.png Graphic file (type png)
 <use 9_4.png>
Package pdftex.def Info: 9_4.png used on input line 875.
(pdftex.def)             Requested size: 316.93329pt x 316.18047pt.

<9_5.png, id=228, 316.93407pt x 316.18124pt>
File: 9_5.png Graphic file (type png)
 <use 9_5.png>
Package pdftex.def Info: 9_5.png used on input line 881.
(pdftex.def)             Requested size: 316.93329pt x 316.18047pt.

<9_6.png, id=229, 316.93407pt x 316.18124pt>
File: 9_6.png Graphic file (type png)
 <use 9_6.png>
Package pdftex.def Info: 9_6.png used on input line 887.
(pdftex.def)             Requested size: 316.93329pt x 316.18047pt.

<9_7.png, id=230, 316.93407pt x 316.18124pt>
File: 9_7.png Graphic file (type png)
 <use 9_7.png>
Package pdftex.def Info: 9_7.png used on input line 893.
(pdftex.def)             Requested size: 316.93329pt x 316.18047pt.

<9_8.png, id=231, 316.93407pt x 316.18124pt>
File: 9_8.png Graphic file (type png)
 <use 9_8.png>
Package pdftex.def Info: 9_8.png used on input line 899.
(pdftex.def)             Requested size: 316.93329pt x 316.18047pt.

<9_9.png, id=232, 316.93407pt x 316.18124pt>
File: 9_9.png Graphic file (type png)
 <use 9_9.png>
Package pdftex.def Info: 9_9.png used on input line 905.
(pdftex.def)             Requested size: 316.93329pt x 316.18047pt.

<9_10.png, id=233, 316.93407pt x 316.18124pt>
File: 9_10.png Graphic file (type png)
 <use 9_10.png>
Package pdftex.def Info: 9_10.png used on input line 911.
(pdftex.def)             Requested size: 316.93329pt x 316.18047pt.

<9_21.png, id=234, 387.69844pt x 68.50594pt>
File: 9_21.png Graphic file (type png)
 <use 9_21.png>
Package pdftex.def Info: 9_21.png used on input line 918.
(pdftex.def)             Requested size: 348.92535pt x 61.65477pt.

Overfull \hbox (81.81276pt too wide) in paragraph at lines 918--920
 []  
 []

<9_22.png, id=235, 237.88875pt x 188.95593pt>
File: 9_22.png Graphic file (type png)
 <use 9_22.png>
Package pdftex.def Info: 9_22.png used on input line 926.
(pdftex.def)             Requested size: 214.09789pt x 170.05875pt.

Overfull \hbox (81.79755pt too wide) in paragraph at lines 926--928
 []  
 []

<9_23.png, id=236, 319.1925pt x 69.25874pt>
File: 9_23.png Graphic file (type png)
 <use 9_23.png>
Package pdftex.def Info: 9_23.png used on input line 932.
(pdftex.def)             Requested size: 287.27058pt x 62.33228pt.

Overfull \hbox (81.82054pt too wide) in paragraph at lines 932--934
 []  
 []

<9_24.png, id=237, 264.23718pt x 216.05719pt>
File: 9_24.png Graphic file (type png)
 <use 9_24.png>
Package pdftex.def Info: 9_24.png used on input line 938.
(pdftex.def)             Requested size: 237.81125pt x 194.44965pt.

Overfull \hbox (81.84172pt too wide) in paragraph at lines 938--940
 []  
 []

<9_25.png, id=238, 337.26pt x 72.27pt>
File: 9_25.png Graphic file (type png)
 <use 9_25.png>
Package pdftex.def Info: 9_25.png used on input line 944.
(pdftex.def)             Requested size: 303.53119pt x 65.04237pt.

Overfull \hbox (81.83147pt too wide) in paragraph at lines 944--946
 []  
 []

<9_26.png, id=239, 241.65282pt x 205.5178pt>
File: 9_26.png Graphic file (type png)
 <use 9_26.png>
Package pdftex.def Info: 9_26.png used on input line 951.
(pdftex.def)             Requested size: 217.48552pt x 184.96431pt.

Overfull \hbox (81.82396pt too wide) in paragraph at lines 951--953
 []  
 []

<9_27.png, id=240, 295.1025pt x 60.97781pt>
File: 9_27.png Graphic file (type png)
 <use 9_27.png>
Package pdftex.def Info: 9_27.png used on input line 957.
(pdftex.def)             Requested size: 265.58978pt x 54.8795pt.

Overfull \hbox (81.83377pt too wide) in paragraph at lines 957--959
 []  
 []

<9_28.png, id=241, 282.30469pt x 226.59656pt>
File: 9_28.png Graphic file (type png)
 <use 9_28.png>
Package pdftex.def Info: 9_28.png used on input line 964.
(pdftex.def)             Requested size: 254.07185pt x 203.935pt.

Overfull \hbox (81.80396pt too wide) in paragraph at lines 964--966
 []  
 []

[47 <C:/Users/РђРЅС‚РѕРЅ/Desktop/lab4 kent kiselev/lab4 kent kiselev/9_1.png (P
NG copy)> <C:/Users/РђРЅС‚РѕРЅ/Desktop/lab4 kent kiselev/lab4 kent kiselev/9_2.
png (PNG copy)>] [48 <C:/Users/РђРЅС‚РѕРЅ/Desktop/lab4 kent kiselev/lab4 kent k
iselev/9_3.png (PNG copy)> <C:/Users/РђРЅС‚РѕРЅ/Desktop/lab4 kent kiselev/lab4 
kent kiselev/9_4.png (PNG copy)>] [49 <C:/Users/РђРЅС‚РѕРЅ/Desktop/lab4 kent ki
selev/lab4 kent kiselev/9_5.png (PNG copy)> <C:/Users/РђРЅС‚РѕРЅ/Desktop/lab4 k
ent kiselev/lab4 kent kiselev/9_6.png (PNG copy)>] [50 <C:/Users/РђРЅС‚РѕРЅ/Des
ktop/lab4 kent kiselev/lab4 kent kiselev/9_7.png (PNG copy)> <C:/Users/РђРЅС‚Рѕ
РЅ/Desktop/lab4 kent kiselev/lab4 kent kiselev/9_8.png (PNG copy)>] [51 <C:/Use
rs/РђРЅС‚РѕРЅ/Desktop/lab4 kent kiselev/lab4 kent kiselev/9_9.png (PNG copy)> <
C:/Users/РђРЅС‚РѕРЅ/Desktop/lab4 kent kiselev/lab4 kent kiselev/9_10.png (PNG c
opy)>] [52 <C:/Users/РђРЅС‚РѕРЅ/Desktop/lab4 kent kiselev/lab4 kent kiselev/9_2
1.png> <C:/Users/РђРЅС‚РѕРЅ/Desktop/lab4 kent kiselev/lab4 kent kiselev/9_22.pn
g>] [53 <C:/Users/РђРЅС‚РѕРЅ/Desktop/lab4 kent kiselev/lab4 kent kiselev/9_23.p
ng> <C:/Users/РђРЅС‚РѕРЅ/Desktop/lab4 kent kiselev/lab4 kent kiselev/9_24.png>]
[54 <C:/Users/РђРЅС‚РѕРЅ/Desktop/lab4 kent kiselev/lab4 kent kiselev/9_25.png> 
<C:/Users/РђРЅС‚РѕРЅ/Desktop/lab4 kent kiselev/lab4 kent kiselev/9_26.png>]
[55 <C:/Users/РђРЅС‚РѕРЅ/Desktop/lab4 kent kiselev/lab4 kent kiselev/9_27.png> 
<C:/Users/РђРЅС‚РѕРЅ/Desktop/lab4 kent kiselev/lab4 kent kiselev/9_28.png>]
<9_29.png, id=271, 395.97937pt x 85.06781pt>
File: 9_29.png Graphic file (type png)
 <use 9_29.png>
Package pdftex.def Info: 9_29.png used on input line 971.
(pdftex.def)             Requested size: 356.37814pt x 76.5603pt.

Overfull \hbox (81.79349pt too wide) in paragraph at lines 971--973
 []  
 []

<9_30.png, id=272, 275.52937pt x 224.33812pt>
File: 9_30.png Graphic file (type png)
 <use 9_30.png>
Package pdftex.def Info: 9_30.png used on input line 978.
(pdftex.def)             Requested size: 247.97412pt x 201.90244pt.

Overfull \hbox (81.79956pt too wide) in paragraph at lines 978--980
 []  
 []

[56 <C:/Users/РђРЅС‚РѕРЅ/Desktop/lab4 kent kiselev/lab4 kent kiselev/9_29.png> 
<C:/Users/РђРЅС‚РѕРЅ/Desktop/lab4 kent kiselev/lab4 kent kiselev/9_30.png>]
Overfull \hbox (22.62189pt too wide) in paragraph at lines 984--1001
\T2A/cmr/m/n/10 ду-ля-ции для раз-лич-ных мо-ду-ля-то-ров: BPSK, PSK, OQPSK, GE
NQAM, MSK.Для
 []

[57



]
("C:\Users\РђРЅС‚РѕРЅ\Desktop\lab4 kent kiselev\lab4 kent kiselev\lab4 kent kis
elev1.aux") ) 
Here is how much of TeX's memory you used:
 3651 strings out of 493921
 42676 string characters out of 3144924
 95376 words of memory out of 3000000
 6820 multiletter control sequences out of 15000+200000
 16769 words of font info for 49 fonts, out of 3000000 for 9000
 841 hyphenation exceptions out of 8191
 27i,8n,24p,1404b,286s stack positions out of 5000i,500n,10000p,200000b,50000s
 <C:\ProgramData\MiKTeX\2.9\fonts\pk\ljfour\lh\lh-t2a\dpi600\latt1
000.pk> <C:\ProgramData\MiKTeX\2.9\fonts\pk\ljfour\unknown\unknown\dpi600\larm1
000.pk> <C:\ProgramData\MiKTeX\2.9\fonts\pk\ljfour\lh\lh-t2a\dpi600\labx1440.pk
> <C:\ProgramData\MiKTeX\2.9\fonts\pk\ljfour\lh\lh-t2a\dpi600\labx2488.pk> <C:\
ProgramData\MiKTeX\2.9\fonts\pk\ljfour\lh\lh-t2a\dpi600\labx2074.pk> <C:\Progra
mData\MiKTeX\2.9\fonts\pk\ljfour\lh\lh-t2a\dpi600\larm1200.pk> <C:\ProgramData\
MiKTeX\2.9\fonts\pk\ljfour\lh\lh-t2a\dpi600\larm1728.pk><C:/Program Files (x86)
/MiKTeX 2.9/fonts/type1/public/amsfonts/cm/cmex10.pfb><C:/Program Files (x86)/M
iKTeX 2.9/fonts/type1/public/amsfonts/cm/cmmi10.pfb><C:/Program Files (x86)/MiK
TeX 2.9/fonts/type1/public/amsfonts/cm/cmmi5.pfb><C:/Program Files (x86)/MiKTeX
 2.9/fonts/type1/public/amsfonts/cm/cmmi7.pfb><C:/Program Files (x86)/MiKTeX 2.
9/fonts/type1/public/amsfonts/cm/cmr10.pfb><C:/Program Files (x86)/MiKTeX 2.9/f
onts/type1/public/amsfonts/cm/cmr5.pfb><C:/Program Files (x86)/MiKTeX 2.9/fonts
/type1/public/amsfonts/cm/cmr7.pfb><C:/Program Files (x86)/MiKTeX 2.9/fonts/typ
e1/public/amsfonts/cm/cmsy10.pfb><C:/Program Files (x86)/MiKTeX 2.9/fonts/type1
/public/amsfonts/cm/cmsy5.pfb><C:/Program Files (x86)/MiKTeX 2.9/fonts/type1/pu
blic/amsfonts/cm/cmsy7.pfb>
Output written on "lab4 kent kiselev1.pdf" (58 pages, 1992459 bytes).
PDF statistics:
 650 PDF objects out of 1000 (max. 8388607)
 0 named destinations out of 1000 (max. 500000)
 346 words of extra memory for PDF output out of 10000 (max. 10000000)

