Build started 22.12.2014 1:38:58.
     1>Project "c:\Users\Sergey\documents\visual studio 2013\Projects\serv1_win\serv1_win\serv1_win.vcxproj" on node 2 (Build target(s)).
     1>ClCompile:
         C:\Program Files (x86)\Microsoft Visual Studio 12.0\VC\bin\CL.exe /c /ZI /nologo /W3 /WX- /sdl /Od /Oy- /D WIN32 /D _DEBUG /D _CONSOLE /D _LIB /D _UNICODE /D UNICODE /Gm /EHsc /RTC1 /MDd /GS /fp:precise /Zc:wchar_t /Zc:forScope /Fo"Debug\\" /Fd"Debug\vc120.pdb" /Gd /TC /analyze- /errorReport:prompt main.c
         main.c
     1>c:\users\sergey\documents\visual studio 2013\projects\serv1_win\serv1_win\main.c(103): warning C4101: 'j' : unreferenced local variable
     1>c:\users\sergey\documents\visual studio 2013\projects\serv1_win\serv1_win\main.c(120): warning C4013: 'read' undefined; assuming extern returning int
     1>c:\users\sergey\documents\visual studio 2013\projects\serv1_win\serv1_win\main.c(159): warning C4172: returning address of local variable or temporary
     1>c:\users\sergey\documents\visual studio 2013\projects\serv1_win\serv1_win\main.c(130): warning C4101: 'i' : unreferenced local variable
     1>c:\users\sergey\documents\visual studio 2013\projects\serv1_win\serv1_win\main.c(178): warning C4101: 'i' : unreferenced local variable
     1>c:\users\sergey\documents\visual studio 2013\projects\serv1_win\serv1_win\main.c(249): warning C4013: 'write' undefined; assuming extern returning int
     1>c:\users\sergey\documents\visual studio 2013\projects\serv1_win\serv1_win\main.c(288): warning C4101: 'rc' : unreferenced local variable
     1>c:\users\sergey\documents\visual studio 2013\projects\serv1_win\serv1_win\main.c(292): warning C4101: 'tmp' : unreferenced local variable
     1>c:\users\sergey\documents\visual studio 2013\projects\serv1_win\serv1_win\main.c(372): warning C4101: 'mainthread' : unreferenced local variable
       Link:
         C:\Program Files (x86)\Microsoft Visual Studio 12.0\VC\bin\link.exe /ERRORREPORT:PROMPT /OUT:"c:\users\sergey\documents\visual studio 2013\Projects\serv1_win\Debug\serv1_win.exe" /INCREMENTAL /NOLOGO kernel32.lib user32.lib gdi32.lib winspool.lib comdlg32.lib advapi32.lib shell32.lib ole32.lib oleaut32.lib uuid.lib odbc32.lib odbccp32.lib /MANIFEST /MANIFESTUAC:"level='asInvoker' uiAccess='false'" /manifest:embed /DEBUG /PDB:"c:\users\sergey\documents\visual studio 2013\Projects\serv1_win\Debug\serv1_win.pdb" /SUBSYSTEM:CONSOLE /TLBID:1 /DYNAMICBASE /NXCOMPAT /IMPLIB:"c:\users\sergey\documents\visual studio 2013\Projects\serv1_win\Debug\serv1_win.lib" /MACHINE:X86 Debug\main.obj
         serv1_win.vcxproj -> c:\users\sergey\documents\visual studio 2013\Projects\serv1_win\Debug\serv1_win.exe
     1>Done Building Project "c:\Users\Sergey\documents\visual studio 2013\Projects\serv1_win\serv1_win\serv1_win.vcxproj" (Build target(s)).

Build succeeded.

Time Elapsed 00:00:01.08
